{"/home/travis/build/npmtest/node-npmtest-react-gsap-enhancer/test.js":{"path":"/home/travis/build/npmtest/node-npmtest-react-gsap-enhancer/test.js","s":{"1":2,"2":2,"3":2,"4":2,"5":2,"6":2,"7":2,"8":1,"9":2,"10":2,"11":1,"12":1,"13":1,"14":1,"15":2,"16":2,"17":2,"18":2,"19":1,"20":1,"21":2,"22":2,"23":2,"24":1,"25":1,"26":1,"27":1,"28":1,"29":1,"30":1,"31":1,"32":1,"33":1,"34":1,"35":1,"36":1,"37":1,"38":1,"39":2,"40":2,"41":1,"42":2,"43":2,"44":1,"45":2,"46":2,"47":1,"48":2,"49":2,"50":1,"51":1,"52":1,"53":1,"54":1},"b":{"1":[2,1,1,1],"2":[1,1,1,1],"3":[1,1],"4":[1,1],"5":[1,1],"6":[1,1],"7":[1,1],"8":[1,1],"9":[1,1],"10":[1,1,1],"11":[1,1],"12":[1,1],"13":[1,1],"14":[1,1],"15":[1,1],"16":[1,1],"17":[1,1]},"f":{"1":2,"2":2,"3":2,"4":2,"5":2,"6":1,"7":1,"8":1,"9":2,"10":2,"11":2,"12":2,"13":1},"fnMap":{"1":{"name":"(anonymous_1)","line":12,"loc":{"start":{"line":12,"column":1},"end":{"line":12,"column":13}}},"2":{"name":"(anonymous_2)","line":19,"loc":{"start":{"line":19,"column":5},"end":{"line":19,"column":17}}},"3":{"name":"(anonymous_3)","line":23,"loc":{"start":{"line":23,"column":24},"end":{"line":23,"column":36}}},"4":{"name":"(anonymous_4)","line":61,"loc":{"start":{"line":61,"column":5},"end":{"line":61,"column":17}}},"5":{"name":"(anonymous_5)","line":82,"loc":{"start":{"line":82,"column":5},"end":{"line":82,"column":17}}},"6":{"name":"(anonymous_6)","line":91,"loc":{"start":{"line":91,"column":77},"end":{"line":94,"column":10}}},"7":{"name":"(anonymous_7)","line":112,"loc":{"start":{"line":112,"column":83},"end":{"line":115,"column":10}},"skip":true},"8":{"name":"(anonymous_8)","line":123,"loc":{"start":{"line":123,"column":77},"end":{"line":126,"column":10}},"skip":true},"9":{"name":"(anonymous_9)","line":139,"loc":{"start":{"line":139,"column":12},"end":{"line":139,"column":40}},"skip":true},"10":{"name":"(anonymous_10)","line":147,"loc":{"start":{"line":147,"column":77},"end":{"line":150,"column":10}},"skip":true},"11":{"name":"(anonymous_11)","line":158,"loc":{"start":{"line":158,"column":83},"end":{"line":161,"column":10}},"skip":true},"12":{"name":"(anonymous_12)","line":169,"loc":{"start":{"line":169,"column":79},"end":{"line":172,"column":10}},"skip":true},"13":{"name":"(anonymous_13)","line":180,"loc":{"start":{"line":180,"column":75},"end":{"line":183,"column":10}},"skip":true}},"statementMap":{"1":{"start":{"line":12,"column":0},"end":{"line":195,"column":5}},"2":{"start":{"line":14,"column":4},"end":{"line":14,"column":14}},"3":{"start":{"line":19,"column":4},"end":{"line":56,"column":9}},"4":{"start":{"line":21,"column":8},"end":{"line":21,"column":19}},"5":{"start":{"line":23,"column":8},"end":{"line":35,"column":13}},"6":{"start":{"line":24,"column":12},"end":{"line":34,"column":13}},"7":{"start":{"line":25,"column":16},"end":{"line":28,"column":30}},"8":{"start":{"line":30,"column":16},"end":{"line":33,"column":27}},"9":{"start":{"line":37,"column":8},"end":{"line":39,"column":21}},"10":{"start":{"line":40,"column":8},"end":{"line":53,"column":9}},"11":{"start":{"line":43,"column":12},"end":{"line":46,"column":14}},"12":{"start":{"line":47,"column":12},"end":{"line":47,"column":18}},"13":{"start":{"line":50,"column":12},"end":{"line":51,"column":33}},"14":{"start":{"line":52,"column":12},"end":{"line":52,"column":18}},"15":{"start":{"line":55,"column":8},"end":{"line":55,"column":35}},"16":{"start":{"line":61,"column":4},"end":{"line":63,"column":9}},"17":{"start":{"line":62,"column":8},"end":{"line":62,"column":15}},"18":{"start":{"line":64,"column":4},"end":{"line":77,"column":5}},"19":{"start":{"line":70,"column":8},"end":{"line":70,"column":14}},"20":{"start":{"line":76,"column":8},"end":{"line":76,"column":14}},"21":{"start":{"line":82,"column":4},"end":{"line":84,"column":9}},"22":{"start":{"line":83,"column":8},"end":{"line":83,"column":15}},"23":{"start":{"line":85,"column":4},"end":{"line":194,"column":5}},"24":{"start":{"line":91,"column":8},"end":{"line":99,"column":10}},"25":{"start":{"line":98,"column":12},"end":{"line":98,"column":35}},"26":{"start":{"line":102,"column":8},"end":{"line":104,"column":63}},"27":{"start":{"line":105,"column":8},"end":{"line":105,"column":14}},"28":{"start":{"line":112,"column":8},"end":{"line":121,"column":10},"skip":true},"29":{"start":{"line":119,"column":12},"end":{"line":119,"column":55},"skip":true},"30":{"start":{"line":120,"column":12},"end":{"line":120,"column":48},"skip":true},"31":{"start":{"line":123,"column":8},"end":{"line":136,"column":10},"skip":true},"32":{"start":{"line":130,"column":12},"end":{"line":130,"column":76},"skip":true},"33":{"start":{"line":131,"column":12},"end":{"line":131,"column":73},"skip":true},"34":{"start":{"line":132,"column":12},"end":{"line":132,"column":74},"skip":true},"35":{"start":{"line":133,"column":12},"end":{"line":133,"column":79},"skip":true},"36":{"start":{"line":134,"column":12},"end":{"line":134,"column":25},"skip":true},"37":{"start":{"line":135,"column":12},"end":{"line":135,"column":45},"skip":true},"38":{"start":{"line":138,"column":8},"end":{"line":145,"column":14},"skip":true},"39":{"start":{"line":143,"column":16},"end":{"line":143,"column":29},"skip":true},"40":{"start":{"line":144,"column":16},"end":{"line":144,"column":55},"skip":true},"41":{"start":{"line":147,"column":8},"end":{"line":156,"column":10},"skip":true},"42":{"start":{"line":154,"column":12},"end":{"line":154,"column":25},"skip":true},"43":{"start":{"line":155,"column":12},"end":{"line":155,"column":45},"skip":true},"44":{"start":{"line":158,"column":8},"end":{"line":167,"column":10},"skip":true},"45":{"start":{"line":165,"column":12},"end":{"line":165,"column":25},"skip":true},"46":{"start":{"line":166,"column":12},"end":{"line":166,"column":48},"skip":true},"47":{"start":{"line":169,"column":8},"end":{"line":178,"column":10},"skip":true},"48":{"start":{"line":176,"column":12},"end":{"line":176,"column":25},"skip":true},"49":{"start":{"line":177,"column":12},"end":{"line":177,"column":46},"skip":true},"50":{"start":{"line":180,"column":8},"end":{"line":189,"column":10},"skip":true},"51":{"start":{"line":187,"column":12},"end":{"line":187,"column":94},"skip":true},"52":{"start":{"line":188,"column":12},"end":{"line":188,"column":48},"skip":true},"53":{"start":{"line":192,"column":8},"end":{"line":192,"column":35},"skip":true},"54":{"start":{"line":193,"column":8},"end":{"line":193,"column":14},"skip":true}},"branchMap":{"1":{"line":25,"type":"binary-expr","locations":[{"start":{"line":25,"column":23},"end":{"line":25,"column":62}},{"start":{"line":26,"column":20},"end":{"line":26,"column":70}},{"start":{"line":27,"column":20},"end":{"line":27,"column":71}},{"start":{"line":28,"column":20},"end":{"line":28,"column":29}}]},"2":{"line":30,"type":"binary-expr","locations":[{"start":{"line":30,"column":23},"end":{"line":30,"column":37}},{"start":{"line":31,"column":20},"end":{"line":31,"column":61}},{"start":{"line":32,"column":20},"end":{"line":32,"column":70}},{"start":{"line":33,"column":20},"end":{"line":33,"column":26}}]},"3":{"line":37,"type":"cond-expr","locations":[{"start":{"line":38,"column":14},"end":{"line":38,"column":20}},{"start":{"line":39,"column":14},"end":{"line":39,"column":20}}]},"4":{"line":40,"type":"switch","locations":[{"start":{"line":42,"column":8},"end":{"line":47,"column":18}},{"start":{"line":49,"column":8},"end":{"line":52,"column":18}}]},"5":{"line":44,"type":"binary-expr","locations":[{"start":{"line":44,"column":16},"end":{"line":44,"column":44}},{"start":{"line":44,"column":48},"end":{"line":44,"column":66}}]},"6":{"line":50,"type":"binary-expr","locations":[{"start":{"line":50,"column":21},"end":{"line":50,"column":49}},{"start":{"line":50,"column":53},"end":{"line":50,"column":72}}]},"7":{"line":64,"type":"switch","locations":[{"start":{"line":69,"column":4},"end":{"line":70,"column":14}},{"start":{"line":75,"column":4},"end":{"line":76,"column":14}}]},"8":{"line":85,"type":"switch","locations":[{"start":{"line":90,"column":4},"end":{"line":105,"column":14}},{"start":{"line":111,"column":4},"end":{"line":193,"column":14},"skip":true}]},"9":{"line":91,"type":"binary-expr","locations":[{"start":{"line":91,"column":42},"end":{"line":91,"column":73}},{"start":{"line":91,"column":77},"end":{"line":99,"column":9}}]},"10":{"line":102,"type":"binary-expr","locations":[{"start":{"line":102,"column":18},"end":{"line":102,"column":32}},{"start":{"line":103,"column":12},"end":{"line":103,"column":53}},{"start":{"line":104,"column":12},"end":{"line":104,"column":61}}]},"11":{"line":112,"type":"binary-expr","locations":[{"start":{"line":112,"column":45},"end":{"line":112,"column":79},"skip":true},{"start":{"line":112,"column":83},"end":{"line":121,"column":9},"skip":true}]},"12":{"line":123,"type":"binary-expr","locations":[{"start":{"line":123,"column":42},"end":{"line":123,"column":73},"skip":true},{"start":{"line":123,"column":77},"end":{"line":136,"column":9},"skip":true}]},"13":{"line":138,"type":"binary-expr","locations":[{"start":{"line":138,"column":48},"end":{"line":138,"column":85},"skip":true},{"start":{"line":139,"column":12},"end":{"line":145,"column":13},"skip":true}]},"14":{"line":147,"type":"binary-expr","locations":[{"start":{"line":147,"column":42},"end":{"line":147,"column":73},"skip":true},{"start":{"line":147,"column":77},"end":{"line":156,"column":9},"skip":true}]},"15":{"line":158,"type":"binary-expr","locations":[{"start":{"line":158,"column":45},"end":{"line":158,"column":79},"skip":true},{"start":{"line":158,"column":83},"end":{"line":167,"column":9},"skip":true}]},"16":{"line":169,"type":"binary-expr","locations":[{"start":{"line":169,"column":43},"end":{"line":169,"column":75},"skip":true},{"start":{"line":169,"column":79},"end":{"line":178,"column":9},"skip":true}]},"17":{"line":180,"type":"binary-expr","locations":[{"start":{"line":180,"column":41},"end":{"line":180,"column":71},"skip":true},{"start":{"line":180,"column":75},"end":{"line":189,"column":9},"skip":true}]}},"code":["/* istanbul instrument in package npmtest_react_gsap_enhancer */","/*jslint","    bitwise: true,","    browser: true,","    maxerr: 8,","    maxlen: 96,","    node: true,","    nomen: true,","    regexp: true,","    stupid: true","*/","(function () {","    'use strict';","    var local;","","","","    // run shared js-env code - pre-init","    (function () {","        // init local","        local = {};","        // init modeJs","        local.modeJs = (function () {","            try {","                return typeof navigator.userAgent === 'string' &&","                    typeof document.querySelector('body') === 'object' &&","                    typeof XMLHttpRequest.prototype.open === 'function' &&","                    'browser';","            } catch (errorCaughtBrowser) {","                return module.exports &&","                    typeof process.versions.node === 'string' &&","                    typeof require('http').createServer === 'function' &&","                    'node';","            }","        }());","        // init global","        local.global = local.modeJs === 'browser'","            ? window","            : global;","        switch (local.modeJs) {","        // re-init local from window.local","        case 'browser':","            local = local.global.utility2.objectSetDefault(","                local.global.utility2_rollup || local.global.local,","                local.global.utility2","            );","            break;","        // re-init local from example.js","        case 'node':","            local = (local.global.utility2_rollup || require('utility2'))","                .requireReadme();","            break;","        }","        // export local","        local.global.local = local;","    }());","","","","    // run shared js-env code - function","    (function () {","        return;","    }());","    switch (local.modeJs) {","","","","    // run browser js-env code - function","    case 'browser':","        break;","","","","    // run node js-env code - function","    case 'node':","        break;","    }","","","","    // run shared js-env code - post-init","    (function () {","        return;","    }());","    switch (local.modeJs) {","","","","    // run browser js-env code - post-init","    case 'browser':","        local.testCase_browser_nullCase = local.testCase_browser_nullCase || function (","            options,","            onError","        ) {","        /*","         * this function will test browsers's null-case handling-behavior-behavior","         */","            onError(null, options);","        };","","        // run tests","        local.nop(local.modeTest &&","            document.querySelector('#testRunButton1') &&","            document.querySelector('#testRunButton1').click());","        break;","","","","    // run node js-env code - post-init","    /* istanbul ignore next */","    case 'node':","        local.testCase_buildApidoc_default = local.testCase_buildApidoc_default || function (","            options,","            onError","        ) {","        /*","         * this function will test buildApidoc's default handling-behavior-behavior","         */","            options = { modulePathList: module.paths };","            local.buildApidoc(options, onError);","        };","","        local.testCase_buildApp_default = local.testCase_buildApp_default || function (","            options,","            onError","        ) {","        /*","         * this function will test buildApp's default handling-behavior-behavior","         */","            local.testCase_buildReadme_default(options, local.onErrorThrow);","            local.testCase_buildLib_default(options, local.onErrorThrow);","            local.testCase_buildTest_default(options, local.onErrorThrow);","            local.testCase_buildCustomOrg_default(options, local.onErrorThrow);","            options = [];","            local.buildApp(options, onError);","        };","","        local.testCase_buildCustomOrg_default = local.testCase_buildCustomOrg_default ||","            function (options, onError) {","            /*","             * this function will test buildCustomOrg's default handling-behavior","             */","                options = {};","                local.buildCustomOrg(options, onError);","            };","","        local.testCase_buildLib_default = local.testCase_buildLib_default || function (","            options,","            onError","        ) {","        /*","         * this function will test buildLib's default handling-behavior","         */","            options = {};","            local.buildLib(options, onError);","        };","","        local.testCase_buildReadme_default = local.testCase_buildReadme_default || function (","            options,","            onError","        ) {","        /*","         * this function will test buildReadme's default handling-behavior-behavior","         */","            options = {};","            local.buildReadme(options, onError);","        };","","        local.testCase_buildTest_default = local.testCase_buildTest_default || function (","            options,","            onError","        ) {","        /*","         * this function will test buildTest's default handling-behavior","         */","            options = {};","            local.buildTest(options, onError);","        };","","        local.testCase_webpage_default = local.testCase_webpage_default || function (","            options,","            onError","        ) {","        /*","         * this function will test webpage's default handling-behavior","         */","            options = { modeCoverageMerge: true, url: local.serverLocalHost + '?modeTest=1' };","            local.browserTest(options, onError);","        };","","        // run test-server","        local.testRunServer(local);","        break;","    }","}());",""],"l":{"12":2,"14":2,"19":2,"21":2,"23":2,"24":2,"25":2,"30":1,"37":2,"40":2,"43":1,"47":1,"50":1,"52":1,"55":2,"61":2,"62":2,"64":2,"70":1,"76":1,"82":2,"83":2,"85":2,"91":1,"98":1,"102":1,"105":1,"112":1,"119":1,"120":1,"123":1,"130":1,"131":1,"132":1,"133":1,"134":1,"135":1,"138":1,"143":2,"144":2,"147":1,"154":2,"155":2,"158":1,"165":2,"166":2,"169":1,"176":2,"177":2,"180":1,"187":1,"188":1,"192":1,"193":1}},"/home/travis/build/npmtest/node-npmtest-react-gsap-enhancer/lib.npmtest_react_gsap_enhancer.js":{"path":"/home/travis/build/npmtest/node-npmtest-react-gsap-enhancer/lib.npmtest_react_gsap_enhancer.js","s":{"1":2,"2":2,"3":2,"4":2,"5":2,"6":2,"7":2,"8":1,"9":2,"10":2,"11":2,"12":2,"13":1,"14":1,"15":1,"16":1},"b":{"1":[2,1,1,1],"2":[1,1,1,1],"3":[1,1],"4":[2,2],"5":[1,1]},"f":{"1":2,"2":2,"3":2},"fnMap":{"1":{"name":"(anonymous_1)","line":12,"loc":{"start":{"line":12,"column":1},"end":{"line":12,"column":13}}},"2":{"name":"(anonymous_2)","line":19,"loc":{"start":{"line":19,"column":5},"end":{"line":19,"column":17}}},"3":{"name":"(anonymous_3)","line":23,"loc":{"start":{"line":23,"column":24},"end":{"line":23,"column":36}}}},"statementMap":{"1":{"start":{"line":12,"column":0},"end":{"line":53,"column":5}},"2":{"start":{"line":14,"column":4},"end":{"line":14,"column":14}},"3":{"start":{"line":19,"column":4},"end":{"line":52,"column":9}},"4":{"start":{"line":21,"column":8},"end":{"line":21,"column":19}},"5":{"start":{"line":23,"column":8},"end":{"line":35,"column":13}},"6":{"start":{"line":24,"column":12},"end":{"line":34,"column":13}},"7":{"start":{"line":25,"column":16},"end":{"line":28,"column":30}},"8":{"start":{"line":30,"column":16},"end":{"line":33,"column":27}},"9":{"start":{"line":37,"column":8},"end":{"line":39,"column":21}},"10":{"start":{"line":41,"column":8},"end":{"line":41,"column":54}},"11":{"start":{"line":43,"column":8},"end":{"line":43,"column":64}},"12":{"start":{"line":45,"column":8},"end":{"line":51,"column":9}},"13":{"start":{"line":46,"column":12},"end":{"line":46,"column":70}},"14":{"start":{"line":48,"column":12},"end":{"line":48,"column":35}},"15":{"start":{"line":49,"column":12},"end":{"line":49,"column":49}},"16":{"start":{"line":50,"column":12},"end":{"line":50,"column":43}}},"branchMap":{"1":{"line":25,"type":"binary-expr","locations":[{"start":{"line":25,"column":23},"end":{"line":25,"column":62}},{"start":{"line":26,"column":20},"end":{"line":26,"column":70}},{"start":{"line":27,"column":20},"end":{"line":27,"column":71}},{"start":{"line":28,"column":20},"end":{"line":28,"column":29}}]},"2":{"line":30,"type":"binary-expr","locations":[{"start":{"line":30,"column":23},"end":{"line":30,"column":37}},{"start":{"line":31,"column":20},"end":{"line":31,"column":61}},{"start":{"line":32,"column":20},"end":{"line":32,"column":70}},{"start":{"line":33,"column":20},"end":{"line":33,"column":26}}]},"3":{"line":37,"type":"cond-expr","locations":[{"start":{"line":38,"column":14},"end":{"line":38,"column":20}},{"start":{"line":39,"column":14},"end":{"line":39,"column":20}}]},"4":{"line":41,"type":"binary-expr","locations":[{"start":{"line":41,"column":16},"end":{"line":41,"column":44}},{"start":{"line":41,"column":48},"end":{"line":41,"column":53}}]},"5":{"line":45,"type":"if","locations":[{"start":{"line":45,"column":8},"end":{"line":45,"column":8}},{"start":{"line":45,"column":8},"end":{"line":45,"column":8}}]}},"code":["/* istanbul instrument in package npmtest_react_gsap_enhancer */","/*jslint","    bitwise: true,","    browser: true,","    maxerr: 8,","    maxlen: 96,","    node: true,","    nomen: true,","    regexp: true,","    stupid: true","*/","(function () {","    'use strict';","    var local;","","","","    // run shared js-env code - pre-init","    (function () {","        // init local","        local = {};","        // init modeJs","        local.modeJs = (function () {","            try {","                return typeof navigator.userAgent === 'string' &&","                    typeof document.querySelector('body') === 'object' &&","                    typeof XMLHttpRequest.prototype.open === 'function' &&","                    'browser';","            } catch (errorCaughtBrowser) {","                return module.exports &&","                    typeof process.versions.node === 'string' &&","                    typeof require('http').createServer === 'function' &&","                    'node';","            }","        }());","        // init global","        local.global = local.modeJs === 'browser'","            ? window","            : global;","        // init utility2_rollup","        local = local.global.utility2_rollup || local;","        // init lib","        local.local = local.npmtest_react_gsap_enhancer = local;","        // init exports","        if (local.modeJs === 'browser') {","            local.global.utility2_npmtest_react_gsap_enhancer = local;","        } else {","            module.exports = local;","            module.exports.__dirname = __dirname;","            module.exports.module = module;","        }","    }());","}());",""],"l":{"12":2,"14":2,"19":2,"21":2,"23":2,"24":2,"25":2,"30":1,"37":2,"41":2,"43":2,"45":2,"46":1,"48":1,"49":1,"50":1}},"/home/travis/build/npmtest/node-npmtest-react-gsap-enhancer/example.js":{"path":"/home/travis/build/npmtest/node-npmtest-react-gsap-enhancer/example.js","s":{"1":2,"2":2,"3":2,"4":2,"5":2,"6":2,"7":2,"8":1,"9":2,"10":2,"11":2,"12":2,"13":1,"14":2,"15":2,"16":2,"17":2,"18":2,"19":0,"20":2,"21":1,"22":1,"23":1,"24":1,"25":1,"26":0,"27":0,"28":1,"29":1,"30":2,"31":0,"32":0,"33":0,"34":1,"35":2,"36":2,"37":3,"38":3,"39":3,"40":3,"41":0,"42":3,"43":3,"44":3,"45":1,"46":3,"47":1,"48":1,"49":1,"50":1,"51":1,"52":1,"53":1,"54":1,"55":1,"56":1,"57":0,"58":1,"59":6,"60":6,"61":1,"62":2,"63":0,"64":2,"65":1,"66":1,"67":0,"68":0,"69":0,"70":0,"71":0,"72":0,"73":0,"74":0,"75":0,"76":0,"77":0,"78":0,"79":0,"80":0,"81":0,"82":0,"83":0},"b":{"1":[2,1,1,1],"2":[1,1,1,1],"3":[1,1],"4":[2,2],"5":[1,1],"6":[1,1],"7":[2,0],"8":[2,1,1,1,1,1],"9":[0,2,0],"10":[1,1],"11":[2,1,1],"12":[1,0],"13":[0,2],"14":[2,0,0,0,0,0,0],"15":[0,3],"16":[3,0],"17":[1,1],"18":[0,1],"19":[1,2,0,2],"20":[1,0],"21":[1,1],"22":[0,0],"23":[0,0],"24":[0,0],"25":[0,0],"26":[0,0],"27":[0,0],"28":[0,0]},"f":{"1":2,"2":2,"3":2,"4":2,"5":2,"6":2,"7":3,"8":3,"9":3,"10":1,"11":6,"12":0},"fnMap":{"1":{"name":"(anonymous_1)","line":26,"loc":{"start":{"line":26,"column":1},"end":{"line":26,"column":13}}},"2":{"name":"(anonymous_2)","line":33,"loc":{"start":{"line":33,"column":5},"end":{"line":33,"column":17}}},"3":{"name":"(anonymous_3)","line":37,"loc":{"start":{"line":37,"column":24},"end":{"line":37,"column":36}}},"4":{"name":"(anonymous_4)","line":69,"loc":{"start":{"line":69,"column":31},"end":{"line":69,"column":48}},"skip":true},"5":{"name":"(anonymous_5)","line":78,"loc":{"start":{"line":78,"column":26},"end":{"line":78,"column":45}},"skip":true},"6":{"name":"(anonymous_6)","line":123,"loc":{"start":{"line":123,"column":33},"end":{"line":123,"column":48}},"skip":true},"7":{"name":"(anonymous_7)","line":125,"loc":{"start":{"line":125,"column":27},"end":{"line":125,"column":39}},"skip":true},"8":{"name":"(anonymous_8)","line":133,"loc":{"start":{"line":133,"column":59},"end":{"line":133,"column":74}},"skip":true},"9":{"name":"(anonymous_9)","line":143,"loc":{"start":{"line":143,"column":45},"end":{"line":143,"column":62}},"skip":true},"10":{"name":"(anonymous_10)","line":144,"loc":{"start":{"line":144,"column":73},"end":{"line":144,"column":92}},"skip":true},"11":{"name":"(anonymous_11)","line":272,"loc":{"start":{"line":272,"column":51},"end":{"line":272,"column":77}},"skip":true},"12":{"name":"(anonymous_12)","line":315,"loc":{"start":{"line":315,"column":32},"end":{"line":315,"column":61}},"skip":true}},"statementMap":{"1":{"start":{"line":26,"column":0},"end":{"line":326,"column":5}},"2":{"start":{"line":28,"column":4},"end":{"line":28,"column":14}},"3":{"start":{"line":33,"column":4},"end":{"line":60,"column":9}},"4":{"start":{"line":35,"column":8},"end":{"line":35,"column":19}},"5":{"start":{"line":37,"column":8},"end":{"line":49,"column":13}},"6":{"start":{"line":38,"column":12},"end":{"line":48,"column":13}},"7":{"start":{"line":39,"column":16},"end":{"line":42,"column":30}},"8":{"start":{"line":44,"column":16},"end":{"line":47,"column":27}},"9":{"start":{"line":51,"column":8},"end":{"line":53,"column":21}},"10":{"start":{"line":55,"column":8},"end":{"line":57,"column":45}},"11":{"start":{"line":59,"column":8},"end":{"line":59,"column":35}},"12":{"start":{"line":61,"column":4},"end":{"line":325,"column":5}},"13":{"start":{"line":69,"column":8},"end":{"line":121,"column":10},"skip":true},"14":{"start":{"line":70,"column":12},"end":{"line":88,"column":13},"skip":true},"15":{"start":{"line":76,"column":16},"end":{"line":87,"column":19},"skip":true},"16":{"start":{"line":79,"column":20},"end":{"line":86,"column":21},"skip":true},"17":{"start":{"line":82,"column":24},"end":{"line":82,"column":43},"skip":true},"18":{"start":{"line":83,"column":24},"end":{"line":83,"column":30},"skip":true},"19":{"start":{"line":85,"column":24},"end":{"line":85,"column":49},"skip":true},"20":{"start":{"line":89,"column":12},"end":{"line":107,"column":13},"skip":true},"21":{"start":{"line":92,"column":16},"end":{"line":102,"column":17},"skip":true},"22":{"start":{"line":93,"column":20},"end":{"line":93,"column":86},"skip":true},"23":{"start":{"line":94,"column":20},"end":{"line":95,"column":45},"skip":true},"24":{"start":{"line":96,"column":20},"end":{"line":96,"column":42},"skip":true},"25":{"start":{"line":97,"column":20},"end":{"line":97,"column":48},"skip":true},"26":{"start":{"line":100,"column":20},"end":{"line":100,"column":85},"skip":true},"27":{"start":{"line":101,"column":20},"end":{"line":101,"column":96},"skip":true},"28":{"start":{"line":103,"column":16},"end":{"line":103,"column":22},"skip":true},"29":{"start":{"line":106,"column":16},"end":{"line":106,"column":22},"skip":true},"30":{"start":{"line":108,"column":12},"end":{"line":120,"column":13},"skip":true},"31":{"start":{"line":114,"column":16},"end":{"line":119,"column":17},"skip":true},"32":{"start":{"line":116,"column":20},"end":{"line":116,"column":78},"skip":true},"33":{"start":{"line":118,"column":20},"end":{"line":118,"column":47},"skip":true},"34":{"start":{"line":123,"column":8},"end":{"line":141,"column":11},"skip":true},"35":{"start":{"line":124,"column":12},"end":{"line":124,"column":54},"skip":true},"36":{"start":{"line":125,"column":12},"end":{"line":140,"column":14},"skip":true},"37":{"start":{"line":126,"column":16},"end":{"line":126,"column":28},"skip":true},"38":{"start":{"line":127,"column":16},"end":{"line":127,"column":69},"skip":true},"39":{"start":{"line":128,"column":16},"end":{"line":128,"column":75},"skip":true},"40":{"start":{"line":129,"column":16},"end":{"line":131,"column":17},"skip":true},"41":{"start":{"line":130,"column":20},"end":{"line":130,"column":27},"skip":true},"42":{"start":{"line":133,"column":16},"end":{"line":137,"column":36},"skip":true},"43":{"start":{"line":134,"column":20},"end":{"line":136,"column":55},"skip":true},"44":{"start":{"line":139,"column":16},"end":{"line":139,"column":57},"skip":true},"45":{"start":{"line":143,"column":8},"end":{"line":147,"column":11},"skip":true},"46":{"start":{"line":144,"column":12},"end":{"line":146,"column":15},"skip":true},"47":{"start":{"line":145,"column":16},"end":{"line":145,"column":70},"skip":true},"48":{"start":{"line":149,"column":8},"end":{"line":149,"column":31},"skip":true},"49":{"start":{"line":150,"column":8},"end":{"line":150,"column":14},"skip":true},"50":{"start":{"line":158,"column":8},"end":{"line":158,"column":31},"skip":true},"51":{"start":{"line":160,"column":8},"end":{"line":160,"column":33},"skip":true},"52":{"start":{"line":161,"column":8},"end":{"line":161,"column":37},"skip":true},"53":{"start":{"line":162,"column":8},"end":{"line":162,"column":35},"skip":true},"54":{"start":{"line":164,"column":8},"end":{"line":164,"column":50},"skip":true},"55":{"start":{"line":166,"column":8},"end":{"line":256,"column":2},"skip":true},"56":{"start":{"line":258,"column":8},"end":{"line":286,"column":9},"skip":true},"57":{"start":{"line":259,"column":12},"end":{"line":269,"column":14},"skip":true},"58":{"start":{"line":271,"column":12},"end":{"line":285,"column":19},"skip":true},"59":{"start":{"line":274,"column":20},"end":{"line":274,"column":35},"skip":true},"60":{"start":{"line":275,"column":20},"end":{"line":284,"column":21},"skip":true},"61":{"start":{"line":277,"column":24},"end":{"line":277,"column":64},"skip":true},"62":{"start":{"line":279,"column":24},"end":{"line":279,"column":40},"skip":true},"63":{"start":{"line":281,"column":24},"end":{"line":281,"column":40},"skip":true},"64":{"start":{"line":283,"column":24},"end":{"line":283,"column":39},"skip":true},"65":{"start":{"line":288,"column":8},"end":{"line":290,"column":9},"skip":true},"66":{"start":{"line":289,"column":12},"end":{"line":289,"column":18},"skip":true},"67":{"start":{"line":291,"column":8},"end":{"line":293,"column":54},"skip":true},"68":{"start":{"line":296,"column":8},"end":{"line":301,"column":37},"skip":true},"69":{"start":{"line":303,"column":8},"end":{"line":303,"column":82},"skip":true},"70":{"start":{"line":306,"column":8},"end":{"line":308,"column":9},"skip":true},"71":{"start":{"line":307,"column":12},"end":{"line":307,"column":82},"skip":true},"72":{"start":{"line":310,"column":8},"end":{"line":312,"column":9},"skip":true},"73":{"start":{"line":311,"column":12},"end":{"line":311,"column":18},"skip":true},"74":{"start":{"line":313,"column":8},"end":{"line":313,"column":54},"skip":true},"75":{"start":{"line":314,"column":8},"end":{"line":314,"column":69},"skip":true},"76":{"start":{"line":315,"column":8},"end":{"line":323,"column":36},"skip":true},"77":{"start":{"line":316,"column":12},"end":{"line":316,"column":61},"skip":true},"78":{"start":{"line":317,"column":12},"end":{"line":320,"column":13},"skip":true},"79":{"start":{"line":318,"column":16},"end":{"line":318,"column":75},"skip":true},"80":{"start":{"line":319,"column":16},"end":{"line":319,"column":23},"skip":true},"81":{"start":{"line":321,"column":12},"end":{"line":321,"column":38},"skip":true},"82":{"start":{"line":322,"column":12},"end":{"line":322,"column":27},"skip":true},"83":{"start":{"line":324,"column":8},"end":{"line":324,"column":14},"skip":true}},"branchMap":{"1":{"line":39,"type":"binary-expr","locations":[{"start":{"line":39,"column":23},"end":{"line":39,"column":62}},{"start":{"line":40,"column":20},"end":{"line":40,"column":70}},{"start":{"line":41,"column":20},"end":{"line":41,"column":71}},{"start":{"line":42,"column":20},"end":{"line":42,"column":29}}]},"2":{"line":44,"type":"binary-expr","locations":[{"start":{"line":44,"column":23},"end":{"line":44,"column":37}},{"start":{"line":45,"column":20},"end":{"line":45,"column":61}},{"start":{"line":46,"column":20},"end":{"line":46,"column":70}},{"start":{"line":47,"column":20},"end":{"line":47,"column":26}}]},"3":{"line":51,"type":"cond-expr","locations":[{"start":{"line":52,"column":14},"end":{"line":52,"column":20}},{"start":{"line":53,"column":14},"end":{"line":53,"column":20}}]},"4":{"line":55,"type":"binary-expr","locations":[{"start":{"line":55,"column":16},"end":{"line":55,"column":44}},{"start":{"line":55,"column":49},"end":{"line":57,"column":43}}]},"5":{"line":55,"type":"cond-expr","locations":[{"start":{"line":56,"column":14},"end":{"line":56,"column":63}},{"start":{"line":57,"column":14},"end":{"line":57,"column":43}}]},"6":{"line":61,"type":"switch","locations":[{"start":{"line":68,"column":4},"end":{"line":150,"column":14},"skip":true},{"start":{"line":156,"column":4},"end":{"line":324,"column":14},"skip":true}]},"7":{"line":70,"type":"if","locations":[{"start":{"line":70,"column":12},"end":{"line":70,"column":12},"skip":true},{"start":{"line":70,"column":12},"end":{"line":70,"column":12},"skip":true}]},"8":{"line":70,"type":"binary-expr","locations":[{"start":{"line":70,"column":16},"end":{"line":70,"column":22},"skip":true},{"start":{"line":70,"column":27},"end":{"line":70,"column":32},"skip":true},{"start":{"line":71,"column":20},"end":{"line":71,"column":39},"skip":true},{"start":{"line":72,"column":20},"end":{"line":72,"column":49},"skip":true},{"start":{"line":73,"column":20},"end":{"line":73,"column":58},"skip":true},{"start":{"line":74,"column":20},"end":{"line":74,"column":69},"skip":true}]},"9":{"line":79,"type":"switch","locations":[{"start":{"line":80,"column":20},"end":{"line":80,"column":33},"skip":true},{"start":{"line":81,"column":20},"end":{"line":83,"column":30},"skip":true},{"start":{"line":84,"column":20},"end":{"line":85,"column":49},"skip":true}]},"10":{"line":89,"type":"switch","locations":[{"start":{"line":90,"column":12},"end":{"line":103,"column":22},"skip":true},{"start":{"line":105,"column":12},"end":{"line":106,"column":22},"skip":true}]},"11":{"line":89,"type":"binary-expr","locations":[{"start":{"line":89,"column":20},"end":{"line":89,"column":25},"skip":true},{"start":{"line":89,"column":29},"end":{"line":89,"column":48},"skip":true},{"start":{"line":89,"column":52},"end":{"line":89,"column":74},"skip":true}]},"12":{"line":92,"type":"if","locations":[{"start":{"line":92,"column":16},"end":{"line":92,"column":16},"skip":true},{"start":{"line":92,"column":16},"end":{"line":92,"column":16},"skip":true}]},"13":{"line":108,"type":"if","locations":[{"start":{"line":108,"column":12},"end":{"line":108,"column":12},"skip":true},{"start":{"line":108,"column":12},"end":{"line":108,"column":12},"skip":true}]},"14":{"line":108,"type":"binary-expr","locations":[{"start":{"line":108,"column":16},"end":{"line":108,"column":61},"skip":true},{"start":{"line":108,"column":66},"end":{"line":108,"column":72},"skip":true},{"start":{"line":108,"column":77},"end":{"line":108,"column":82},"skip":true},{"start":{"line":109,"column":20},"end":{"line":109,"column":39},"skip":true},{"start":{"line":110,"column":20},"end":{"line":110,"column":49},"skip":true},{"start":{"line":111,"column":20},"end":{"line":111,"column":58},"skip":true},{"start":{"line":112,"column":20},"end":{"line":112,"column":68},"skip":true}]},"15":{"line":129,"type":"if","locations":[{"start":{"line":129,"column":16},"end":{"line":129,"column":16},"skip":true},{"start":{"line":129,"column":16},"end":{"line":129,"column":16},"skip":true}]},"16":{"line":134,"type":"cond-expr","locations":[{"start":{"line":135,"column":26},"end":{"line":135,"column":29},"skip":true},{"start":{"line":136,"column":26},"end":{"line":136,"column":54},"skip":true}]},"17":{"line":164,"type":"binary-expr","locations":[{"start":{"line":164,"column":27},"end":{"line":164,"column":43},"skip":true},{"start":{"line":164,"column":47},"end":{"line":164,"column":49},"skip":true}]},"18":{"line":258,"type":"if","locations":[{"start":{"line":258,"column":8},"end":{"line":258,"column":8},"skip":true},{"start":{"line":258,"column":8},"end":{"line":258,"column":8},"skip":true}]},"19":{"line":275,"type":"switch","locations":[{"start":{"line":276,"column":20},"end":{"line":277,"column":64},"skip":true},{"start":{"line":278,"column":20},"end":{"line":279,"column":40},"skip":true},{"start":{"line":280,"column":20},"end":{"line":281,"column":40},"skip":true},{"start":{"line":282,"column":20},"end":{"line":283,"column":39},"skip":true}]},"20":{"line":288,"type":"if","locations":[{"start":{"line":288,"column":8},"end":{"line":288,"column":8},"skip":true},{"start":{"line":288,"column":8},"end":{"line":288,"column":8},"skip":true}]},"21":{"line":288,"type":"binary-expr","locations":[{"start":{"line":288,"column":12},"end":{"line":288,"column":40},"skip":true},{"start":{"line":288,"column":44},"end":{"line":288,"column":67},"skip":true}]},"22":{"line":292,"type":"binary-expr","locations":[{"start":{"line":292,"column":12},"end":{"line":292,"column":50},"skip":true},{"start":{"line":293,"column":12},"end":{"line":293,"column":53},"skip":true}]},"23":{"line":297,"type":"binary-expr","locations":[{"start":{"line":297,"column":12},"end":{"line":297,"column":77},"skip":true},{"start":{"line":298,"column":12},"end":{"line":301,"column":36},"skip":true}]},"24":{"line":303,"type":"binary-expr","locations":[{"start":{"line":303,"column":43},"end":{"line":303,"column":75},"skip":true},{"start":{"line":303,"column":79},"end":{"line":303,"column":81},"skip":true}]},"25":{"line":306,"type":"if","locations":[{"start":{"line":306,"column":8},"end":{"line":306,"column":8},"skip":true},{"start":{"line":306,"column":8},"end":{"line":306,"column":8},"skip":true}]},"26":{"line":310,"type":"if","locations":[{"start":{"line":310,"column":8},"end":{"line":310,"column":8},"skip":true},{"start":{"line":310,"column":8},"end":{"line":310,"column":8},"skip":true}]},"27":{"line":313,"type":"binary-expr","locations":[{"start":{"line":313,"column":27},"end":{"line":313,"column":43},"skip":true},{"start":{"line":313,"column":47},"end":{"line":313,"column":53},"skip":true}]},"28":{"line":317,"type":"if","locations":[{"start":{"line":317,"column":12},"end":{"line":317,"column":12},"skip":true},{"start":{"line":317,"column":12},"end":{"line":317,"column":12},"skip":true}]}},"code":["/*","example.js","","quickstart example","","instruction","    1. save this script as example.js","    2. run the shell command:","        $ npm install npmtest-react-gsap-enhancer && PORT=8081 node example.js","    3. play with the browser-demo on http://127.0.0.1:8081","*/","","","","/* istanbul instrument in package npmtest_react_gsap_enhancer */","/*jslint","    bitwise: true,","    browser: true,","    maxerr: 8,","    maxlen: 96,","    node: true,","    nomen: true,","    regexp: true,","    stupid: true","*/","(function () {","    'use strict';","    var local;","","","","    // run shared js-env code - pre-init","    (function () {","        // init local","        local = {};","        // init modeJs","        local.modeJs = (function () {","            try {","                return typeof navigator.userAgent === 'string' &&","                    typeof document.querySelector('body') === 'object' &&","                    typeof XMLHttpRequest.prototype.open === 'function' &&","                    'browser';","            } catch (errorCaughtBrowser) {","                return module.exports &&","                    typeof process.versions.node === 'string' &&","                    typeof require('http').createServer === 'function' &&","                    'node';","            }","        }());","        // init global","        local.global = local.modeJs === 'browser'","            ? window","            : global;","        // init utility2_rollup","        local = local.global.utility2_rollup || (local.modeJs === 'browser'","            ? local.global.utility2_npmtest_react_gsap_enhancer","            : global.utility2_moduleExports);","        // export local","        local.global.local = local;","    }());","    switch (local.modeJs) {","","","","    // post-init","    // run browser js-env code - post-init","    /* istanbul ignore next */","    case 'browser':","        local.testRunBrowser = function (event) {","            if (!event || (event &&","                    event.currentTarget &&","                    event.currentTarget.className &&","                    event.currentTarget.className.includes &&","                    event.currentTarget.className.includes('onreset'))) {","                // reset output","                Array.from(","                    document.querySelectorAll('body > .resettable')","                ).forEach(function (element) {","                    switch (element.tagName) {","                    case 'INPUT':","                    case 'TEXTAREA':","                        element.value = '';","                        break;","                    default:","                        element.textContent = '';","                    }","                });","            }","            switch (event && event.currentTarget && event.currentTarget.id) {","            case 'testRunButton1':","                // show tests","                if (document.querySelector('#testReportDiv1').style.display === 'none') {","                    document.querySelector('#testReportDiv1').style.display = 'block';","                    document.querySelector('#testRunButton1').textContent =","                        'hide internal test';","                    local.modeTest = true;","                    local.testRunDefault(local);","                // hide tests","                } else {","                    document.querySelector('#testReportDiv1').style.display = 'none';","                    document.querySelector('#testRunButton1').textContent = 'run internal test';","                }","                break;","            // custom-case","            default:","                break;","            }","            if (document.querySelector('#inputTextareaEval1') && (!event || (event &&","                    event.currentTarget &&","                    event.currentTarget.className &&","                    event.currentTarget.className.includes &&","                    event.currentTarget.className.includes('oneval')))) {","                // try to eval input-code","                try {","                    /*jslint evil: true*/","                    eval(document.querySelector('#inputTextareaEval1').value);","                } catch (errorCaught) {","                    console.error(errorCaught);","                }","            }","        };","        // log stderr and stdout to #outputTextareaStdout1","        ['error', 'log'].forEach(function (key) {","            console[key + '_original'] = console[key];","            console[key] = function () {","                var element;","                console[key + '_original'].apply(console, arguments);","                element = document.querySelector('#outputTextareaStdout1');","                if (!element) {","                    return;","                }","                // append text to #outputTextareaStdout1","                element.value += Array.from(arguments).map(function (arg) {","                    return typeof arg === 'string'","                        ? arg","                        : JSON.stringify(arg, null, 4);","                }).join(' ') + '\\n';","                // scroll textarea to bottom","                element.scrollTop = element.scrollHeight;","            };","        });","        // init event-handling","        ['change', 'click', 'keyup'].forEach(function (event) {","            Array.from(document.querySelectorAll('.on' + event)).forEach(function (element) {","                element.addEventListener(event, local.testRunBrowser);","            });","        });","        // run tests","        local.testRunBrowser();","        break;","","","","    // run node js-env code - post-init","    /* istanbul ignore next */","    case 'node':","        // export local","        module.exports = local;","        // require modules","        local.fs = require('fs');","        local.http = require('http');","        local.url = require('url');","        // init assets","        local.assetsDict = local.assetsDict || {};","        /* jslint-ignore-begin */","        local.assetsDict['/assets.index.template.html'] = '\\","<!doctype html>\\n\\","<html lang=\"en\">\\n\\","<head>\\n\\","<meta charset=\"UTF-8\">\\n\\","<meta name=\"viewport\" content=\"width=device-width, initial-scale=1\">\\n\\","<title>{{env.npm_package_name}} (v{{env.npm_package_version}})</title>\\n\\","<style>\\n\\","/*csslint\\n\\","    box-sizing: false,\\n\\","    universal-selector: false\\n\\","*/\\n\\","* {\\n\\","    box-sizing: border-box;\\n\\","}\\n\\","body {\\n\\","    background: #dde;\\n\\","    font-family: Arial, Helvetica, sans-serif;\\n\\","    margin: 2rem;\\n\\","}\\n\\","body > * {\\n\\","    margin-bottom: 1rem;\\n\\","}\\n\\",".utility2FooterDiv {\\n\\","    margin-top: 20px;\\n\\","    text-align: center;\\n\\","}\\n\\","</style>\\n\\","<style>\\n\\","/*csslint\\n\\","*/\\n\\","textarea {\\n\\","    font-family: monospace;\\n\\","    height: 10rem;\\n\\","    width: 100%;\\n\\","}\\n\\","textarea[readonly] {\\n\\","    background: #ddd;\\n\\","}\\n\\","</style>\\n\\","</head>\\n\\","<body>\\n\\","<!-- utility2-comment\\n\\","<div id=\"ajaxProgressDiv1\" style=\"background: #d00; height: 2px; left: 0; margin: 0; padding: 0; position: fixed; top: 0; transition: background 0.5s, width 1.5s; width: 25%;\"></div>\\n\\","utility2-comment -->\\n\\","<h1>\\n\\","<!-- utility2-comment\\n\\","    <a\\n\\","        {{#if env.npm_package_homepage}}\\n\\","        href=\"{{env.npm_package_homepage}}\"\\n\\","        {{/if env.npm_package_homepage}}\\n\\","        target=\"_blank\"\\n\\","    >\\n\\","utility2-comment -->\\n\\","        {{env.npm_package_name}} (v{{env.npm_package_version}})\\n\\","<!-- utility2-comment\\n\\","    </a>\\n\\","utility2-comment -->\\n\\","</h1>\\n\\","<h3>{{env.npm_package_description}}</h3>\\n\\","<!-- utility2-comment\\n\\","<h4><a download href=\"assets.app.js\">download standalone app</a></h4>\\n\\","<button class=\"onclick onreset\" id=\"testRunButton1\">run internal test</button><br>\\n\\","<div id=\"testReportDiv1\" style=\"display: none;\"></div>\\n\\","utility2-comment -->\\n\\","\\n\\","\\n\\","\\n\\","<label>stderr and stdout</label>\\n\\","<textarea class=\"resettable\" id=\"outputTextareaStdout1\" readonly></textarea>\\n\\","<!-- utility2-comment\\n\\","{{#if isRollup}}\\n\\","<script src=\"assets.app.js\"></script>\\n\\","{{#unless isRollup}}\\n\\","utility2-comment -->\\n\\","<script src=\"assets.utility2.rollup.js\"></script>\\n\\","<script src=\"jsonp.utility2._stateInit?callback=window.utility2._stateInit\"></script>\\n\\","<script src=\"assets.npmtest_react_gsap_enhancer.rollup.js\"></script>\\n\\","<script src=\"assets.example.js\"></script>\\n\\","<script src=\"assets.test.js\"></script>\\n\\","<!-- utility2-comment\\n\\","{{/if isRollup}}\\n\\","utility2-comment -->\\n\\","<div class=\"utility2FooterDiv\">\\n\\","    [ this app was created with\\n\\","    <a href=\"https://github.com/kaizhu256/node-utility2\" target=\"_blank\">utility2</a>\\n\\","    ]\\n\\","</div>\\n\\","</body>\\n\\","</html>\\n\\","';","        /* jslint-ignore-end */","        if (local.templateRender) {","            local.assetsDict['/'] = local.templateRender(","                local.assetsDict['/assets.index.template.html'],","                {","                    env: local.objectSetDefault(local.env, {","                        npm_package_description: 'the greatest app in the world!',","                        npm_package_name: 'my-app',","                        npm_package_nameAlias: 'my_app',","                        npm_package_version: '0.0.1'","                    })","                }","            );","        } else {","            local.assetsDict['/'] = local.assetsDict['/assets.index.template.html']","                .replace((/\\{\\{env\\.(\\w+?)\\}\\}/g), function (match0, match1) {","                    // jslint-hack","                    String(match0);","                    switch (match1) {","                    case 'npm_package_description':","                        return 'the greatest app in the world!';","                    case 'npm_package_name':","                        return 'my-app';","                    case 'npm_package_nameAlias':","                        return 'my_app';","                    case 'npm_package_version':","                        return '0.0.1';","                    }","                });","        }","        // run the cli","        if (local.global.utility2_rollup || module !== require.main) {","            break;","        }","        local.assetsDict['/assets.example.js'] =","            local.assetsDict['/assets.example.js'] ||","            local.fs.readFileSync(__filename, 'utf8');","        // bug-workaround - long $npm_package_buildCustomOrg","        /* jslint-ignore-begin */","        local.assetsDict['/assets.npmtest_react_gsap_enhancer.rollup.js'] =","            local.assetsDict['/assets.npmtest_react_gsap_enhancer.rollup.js'] ||","            local.fs.readFileSync(","                local.npmtest_react_gsap_enhancer.__dirname + '/lib.npmtest_react_gsap_enhancer.js',","                'utf8'","            ).replace((/^#!/), '//');","        /* jslint-ignore-end */","        local.assetsDict['/favicon.ico'] = local.assetsDict['/favicon.ico'] || '';","        // if $npm_config_timeout_exit exists,","        // then exit this process after $npm_config_timeout_exit ms","        if (Number(process.env.npm_config_timeout_exit)) {","            setTimeout(process.exit, Number(process.env.npm_config_timeout_exit));","        }","        // start server","        if (local.global.utility2_serverHttp1) {","            break;","        }","        process.env.PORT = process.env.PORT || '8081';","        console.error('server starting on port ' + process.env.PORT);","        local.http.createServer(function (request, response) {","            request.urlParsed = local.url.parse(request.url);","            if (local.assetsDict[request.urlParsed.pathname] !== undefined) {","                response.end(local.assetsDict[request.urlParsed.pathname]);","                return;","            }","            response.statusCode = 404;","            response.end();","        }).listen(process.env.PORT);","        break;","    }","}());",""],"l":{"26":2,"28":2,"33":2,"35":2,"37":2,"38":2,"39":2,"44":1,"51":2,"55":2,"59":2,"61":2,"69":1,"70":2,"76":2,"79":2,"82":2,"83":2,"85":1,"89":2,"92":1,"93":1,"94":1,"96":1,"97":1,"100":1,"101":1,"103":1,"106":1,"108":2,"114":1,"116":1,"118":1,"123":1,"124":2,"125":2,"126":3,"127":3,"128":3,"129":3,"130":1,"133":3,"134":3,"139":3,"143":1,"144":3,"145":1,"149":1,"150":1,"158":1,"160":1,"161":1,"162":1,"164":1,"166":1,"258":1,"259":1,"271":1,"274":6,"275":6,"277":1,"279":2,"281":1,"283":2,"288":1,"289":1,"291":1,"296":1,"303":1,"306":1,"307":1,"310":1,"311":1,"313":1,"314":1,"315":1,"316":1,"317":1,"318":1,"319":1,"321":1,"322":1,"324":1}},"/home/travis/build/npmtest/node-npmtest-react-gsap-enhancer/node_modules/react-gsap-enhancer/lib/index.js":{"path":"/home/travis/build/npmtest/node-npmtest-react-gsap-enhancer/node_modules/react-gsap-enhancer/lib/index.js","s":{"1":2,"2":2,"3":0,"4":0,"5":0,"6":0,"7":0,"8":1,"9":0},"b":{"1":[0,0],"2":[0,0]},"f":{"1":0,"2":0,"3":0},"fnMap":{"1":{"name":"get","line":11,"loc":{"start":{"line":11,"column":7},"end":{"line":11,"column":22}}},"2":{"name":"get","line":20,"loc":{"start":{"line":20,"column":7},"end":{"line":20,"column":22}}},"3":{"name":"_interopRequireDefault","line":25,"loc":{"start":{"line":25,"column":0},"end":{"line":25,"column":37}}}},"statementMap":{"1":{"start":{"line":3,"column":0},"end":{"line":5,"column":3}},"2":{"start":{"line":7,"column":0},"end":{"line":7,"column":47}},"3":{"start":{"line":9,"column":0},"end":{"line":14,"column":3}},"4":{"start":{"line":12,"column":4},"end":{"line":12,"column":57}},"5":{"start":{"line":16,"column":0},"end":{"line":16,"column":46}},"6":{"start":{"line":18,"column":0},"end":{"line":23,"column":3}},"7":{"start":{"line":21,"column":4},"end":{"line":21,"column":57}},"8":{"start":{"line":25,"column":0},"end":{"line":25,"column":95}},"9":{"start":{"line":25,"column":39},"end":{"line":25,"column":93}}},"branchMap":{"1":{"line":25,"type":"cond-expr","locations":[{"start":{"line":25,"column":70},"end":{"line":25,"column":73}},{"start":{"line":25,"column":76},"end":{"line":25,"column":92}}]},"2":{"line":25,"type":"binary-expr","locations":[{"start":{"line":25,"column":46},"end":{"line":25,"column":49}},{"start":{"line":25,"column":53},"end":{"line":25,"column":67}}]}},"code":["'use strict';","","Object.defineProperty(exports, \"__esModule\", {","  value: true","});","","var _gsapEnhancer = require('./gsap-enhancer');","","Object.defineProperty(exports, 'default', {","  enumerable: true,","  get: function get() {","    return _interopRequireDefault(_gsapEnhancer).default;","  }","});","","var _createTarget = require('./createTarget');","","Object.defineProperty(exports, 'createTarget', {","  enumerable: true,","  get: function get() {","    return _interopRequireDefault(_createTarget).default;","  }","});","","function _interopRequireDefault(obj) { return obj && obj.__esModule ? obj : { default: obj }; }","//# sourceMappingURL=index.js.map"],"l":{"3":2,"7":2,"9":0,"12":0,"16":0,"18":0,"21":0,"25":1}},"/home/travis/build/npmtest/node-npmtest-react-gsap-enhancer/node_modules/react-gsap-enhancer/lib/gsap-enhancer.js":{"path":"/home/travis/build/npmtest/node-npmtest-react-gsap-enhancer/node_modules/react-gsap-enhancer/lib/gsap-enhancer.js","s":{"1":4,"2":4,"3":1,"4":0,"5":0,"6":0,"7":0,"8":0,"9":0,"10":0,"11":4,"12":0,"13":0,"14":0,"15":0,"16":0,"17":4,"18":0,"19":0,"20":0,"21":0,"22":0,"23":0,"24":0,"25":0,"26":0,"27":0,"28":0,"29":0,"30":0,"31":0,"32":4,"33":0,"34":0,"35":0,"36":0,"37":4,"38":0,"39":0,"40":0,"41":0,"42":0,"43":0,"44":0,"45":1,"46":0,"47":1,"48":0,"49":0,"50":1,"51":0,"52":0,"53":0,"54":1,"55":0,"56":0,"57":0,"58":0,"59":0,"60":1,"61":0,"62":0,"63":1,"64":0,"65":0,"66":0,"67":0,"68":0,"69":0,"70":0,"71":0,"72":0,"73":0,"74":0,"75":0,"76":0,"77":0,"78":0,"79":0,"80":0,"81":0,"82":0,"83":0,"84":0,"85":0,"86":0,"87":0,"88":0,"89":0,"90":0,"91":0,"92":0,"93":0,"94":0,"95":0,"96":0,"97":0,"98":0,"99":0,"100":0,"101":0,"102":0,"103":0,"104":0,"105":0,"106":0,"107":0,"108":0,"109":0,"110":0,"111":0,"112":0,"113":0,"114":0,"115":0,"116":0,"117":0,"118":0,"119":0,"120":0,"121":0,"122":0,"123":0,"124":0},"b":{"1":[0,0],"2":[0,0],"3":[0,0],"4":[0,0],"5":[0,0],"6":[0,0],"7":[0,0],"8":[0,0],"9":[0,0],"10":[0,0],"11":[0,0,0],"12":[0,0],"13":[0,0],"14":[0,0],"15":[0,0],"16":[0,0],"17":[0,0,0],"18":[0,0],"19":[0,0],"20":[0,0],"21":[0,0],"22":[0,0],"23":[0,0],"24":[0,0],"25":[0,0],"26":[0,0],"27":[0,0],"28":[0,0],"29":[0,0],"30":[0,0],"31":[0,0],"32":[0,0],"33":[0,0],"34":[0,0],"35":[0,0],"36":[0,0],"37":[0,0],"38":[0,0],"39":[0,0],"40":[0,0],"41":[0,0,0]},"f":{"1":4,"2":0,"3":0,"4":0,"5":0,"6":0,"7":0,"8":0,"9":0,"10":0,"11":0,"12":0,"13":0,"14":0,"15":0,"16":0,"17":0,"18":0,"19":0,"20":0},"fnMap":{"1":{"name":"(anonymous_1)","line":7,"loc":{"start":{"line":7,"column":19},"end":{"line":7,"column":31}}},"2":{"name":"defineProperties","line":7,"loc":{"start":{"line":7,"column":33},"end":{"line":7,"column":74}}},"3":{"name":"(anonymous_3)","line":7,"loc":{"start":{"line":7,"column":357},"end":{"line":7,"column":405}}},"4":{"name":"get","line":9,"loc":{"start":{"line":9,"column":11},"end":{"line":9,"column":52}}},"5":{"name":"(anonymous_5)","line":11,"loc":{"start":{"line":11,"column":18},"end":{"line":11,"column":48}}},"6":{"name":"_interopRequireDefault","line":36,"loc":{"start":{"line":36,"column":0},"end":{"line":36,"column":37}}},"7":{"name":"_classCallCheck","line":38,"loc":{"start":{"line":38,"column":0},"end":{"line":38,"column":48}}},"8":{"name":"_possibleConstructorReturn","line":40,"loc":{"start":{"line":40,"column":0},"end":{"line":40,"column":48}}},"9":{"name":"_inherits","line":42,"loc":{"start":{"line":42,"column":0},"end":{"line":42,"column":41}}},"10":{"name":"enhance","line":44,"loc":{"start":{"line":44,"column":0},"end":{"line":44,"column":56}}},"11":{"name":"(anonymous_11)","line":45,"loc":{"start":{"line":45,"column":21},"end":{"line":45,"column":51}}},"12":{"name":"GSAPEnhancer","line":48,"loc":{"start":{"line":48,"column":4},"end":{"line":48,"column":33}}},"13":{"name":"(anonymous_13)","line":53,"loc":{"start":{"line":53,"column":27},"end":{"line":53,"column":63}}},"14":{"name":"(anonymous_14)","line":73,"loc":{"start":{"line":73,"column":84},"end":{"line":73,"column":96}}},"15":{"name":"(anonymous_15)","line":75,"loc":{"start":{"line":75,"column":11},"end":{"line":75,"column":23}}},"16":{"name":"removeAnimation","line":95,"loc":{"start":{"line":95,"column":13},"end":{"line":95,"column":50}}},"17":{"name":"componentDidMount","line":103,"loc":{"start":{"line":103,"column":13},"end":{"line":103,"column":42}}},"18":{"name":"componentWillUpdate","line":118,"loc":{"start":{"line":118,"column":13},"end":{"line":118,"column":44}}},"19":{"name":"render","line":133,"loc":{"start":{"line":133,"column":13},"end":{"line":133,"column":31}}},"20":{"name":"componentDidUpdate","line":150,"loc":{"start":{"line":150,"column":13},"end":{"line":150,"column":43}}}},"statementMap":{"1":{"start":{"line":3,"column":0},"end":{"line":5,"column":3}},"2":{"start":{"line":7,"column":0},"end":{"line":7,"column":564}},"3":{"start":{"line":7,"column":33},"end":{"line":7,"column":349}},"4":{"start":{"line":7,"column":76},"end":{"line":7,"column":347}},"5":{"start":{"line":7,"column":117},"end":{"line":7,"column":143}},"6":{"start":{"line":7,"column":144},"end":{"line":7,"column":199}},"7":{"start":{"line":7,"column":200},"end":{"line":7,"column":231}},"8":{"start":{"line":7,"column":232},"end":{"line":7,"column":286}},"9":{"start":{"line":7,"column":259},"end":{"line":7,"column":286}},"10":{"start":{"line":7,"column":287},"end":{"line":7,"column":345}},"11":{"start":{"line":7,"column":350},"end":{"line":7,"column":559}},"12":{"start":{"line":7,"column":407},"end":{"line":7,"column":475}},"13":{"start":{"line":7,"column":423},"end":{"line":7,"column":475}},"14":{"start":{"line":7,"column":476},"end":{"line":7,"column":536}},"15":{"start":{"line":7,"column":493},"end":{"line":7,"column":536}},"16":{"start":{"line":7,"column":537},"end":{"line":7,"column":556}},"17":{"start":{"line":9,"column":0},"end":{"line":9,"column":491}},"18":{"start":{"line":9,"column":54},"end":{"line":9,"column":103}},"19":{"start":{"line":9,"column":75},"end":{"line":9,"column":103}},"20":{"start":{"line":9,"column":104},"end":{"line":9,"column":165}},"21":{"start":{"line":9,"column":166},"end":{"line":9,"column":488}},"22":{"start":{"line":9,"column":192},"end":{"line":9,"column":235}},"23":{"start":{"line":9,"column":236},"end":{"line":9,"column":327}},"24":{"start":{"line":9,"column":259},"end":{"line":9,"column":276}},"25":{"start":{"line":9,"column":286},"end":{"line":9,"column":325}},"26":{"start":{"line":9,"column":335},"end":{"line":9,"column":488}},"27":{"start":{"line":9,"column":358},"end":{"line":9,"column":376}},"28":{"start":{"line":9,"column":386},"end":{"line":9,"column":408}},"29":{"start":{"line":9,"column":409},"end":{"line":9,"column":456}},"30":{"start":{"line":9,"column":437},"end":{"line":9,"column":454}},"31":{"start":{"line":9,"column":457},"end":{"line":9,"column":486}},"32":{"start":{"line":11,"column":0},"end":{"line":18,"column":2}},"33":{"start":{"line":12,"column":2},"end":{"line":17,"column":3}},"34":{"start":{"line":13,"column":4},"end":{"line":13,"column":47}},"35":{"start":{"line":14,"column":4},"end":{"line":14,"column":49}},"36":{"start":{"line":16,"column":4},"end":{"line":16,"column":55}},"37":{"start":{"line":20,"column":0},"end":{"line":20,"column":30}},"38":{"start":{"line":22,"column":0},"end":{"line":22,"column":42}},"39":{"start":{"line":24,"column":0},"end":{"line":24,"column":55}},"40":{"start":{"line":26,"column":0},"end":{"line":26,"column":42}},"41":{"start":{"line":28,"column":0},"end":{"line":28,"column":55}},"42":{"start":{"line":30,"column":0},"end":{"line":30,"column":46}},"43":{"start":{"line":32,"column":0},"end":{"line":32,"column":59}},"44":{"start":{"line":34,"column":0},"end":{"line":34,"column":32}},"45":{"start":{"line":36,"column":0},"end":{"line":36,"column":95}},"46":{"start":{"line":36,"column":39},"end":{"line":36,"column":93}},"47":{"start":{"line":38,"column":0},"end":{"line":38,"column":153}},"48":{"start":{"line":38,"column":50},"end":{"line":38,"column":151}},"49":{"start":{"line":38,"column":92},"end":{"line":38,"column":149}},"50":{"start":{"line":40,"column":0},"end":{"line":40,"column":240}},"51":{"start":{"line":40,"column":50},"end":{"line":40,"column":151}},"52":{"start":{"line":40,"column":63},"end":{"line":40,"column":149}},"53":{"start":{"line":40,"column":152},"end":{"line":40,"column":238}},"54":{"start":{"line":42,"column":0},"end":{"line":42,"column":494}},"55":{"start":{"line":42,"column":43},"end":{"line":42,"column":208}},"56":{"start":{"line":42,"column":106},"end":{"line":42,"column":206}},"57":{"start":{"line":42,"column":209},"end":{"line":42,"column":373}},"58":{"start":{"line":42,"column":374},"end":{"line":42,"column":492}},"59":{"start":{"line":42,"column":390},"end":{"line":42,"column":492}},"60":{"start":{"line":44,"column":0},"end":{"line":205,"column":1}},"61":{"start":{"line":45,"column":2},"end":{"line":167,"column":23}},"62":{"start":{"line":46,"column":4},"end":{"line":46,"column":48}},"63":{"start":{"line":48,"column":4},"end":{"line":91,"column":5}},"64":{"start":{"line":49,"column":6},"end":{"line":49,"column":42}},"65":{"start":{"line":51,"column":6},"end":{"line":51,"column":134}},"66":{"start":{"line":53,"column":6},"end":{"line":85,"column":8}},"67":{"start":{"line":55,"column":8},"end":{"line":55,"column":51}},"68":{"start":{"line":56,"column":8},"end":{"line":58,"column":9}},"69":{"start":{"line":57,"column":10},"end":{"line":57,"column":55}},"70":{"start":{"line":60,"column":8},"end":{"line":70,"column":9}},"71":{"start":{"line":61,"column":10},"end":{"line":69,"column":11}},"72":{"start":{"line":62,"column":12},"end":{"line":62,"column":193}},"73":{"start":{"line":63,"column":12},"end":{"line":65,"column":13}},"74":{"start":{"line":64,"column":14},"end":{"line":64,"column":150}},"75":{"start":{"line":66,"column":12},"end":{"line":66,"column":92}},"76":{"start":{"line":67,"column":12},"end":{"line":67,"column":70}},"77":{"start":{"line":68,"column":12},"end":{"line":68,"column":31}},"78":{"start":{"line":72,"column":8},"end":{"line":72,"column":67}},"79":{"start":{"line":73,"column":8},"end":{"line":79,"column":11}},"80":{"start":{"line":74,"column":10},"end":{"line":74,"column":86}},"81":{"start":{"line":76,"column":10},"end":{"line":76,"column":55}},"82":{"start":{"line":78,"column":10},"end":{"line":78,"column":30}},"83":{"start":{"line":80,"column":8},"end":{"line":80,"column":50}},"84":{"start":{"line":82,"column":8},"end":{"line":82,"column":28}},"85":{"start":{"line":84,"column":8},"end":{"line":84,"column":26}},"86":{"start":{"line":87,"column":6},"end":{"line":87,"column":35}},"87":{"start":{"line":88,"column":6},"end":{"line":88,"column":44}},"88":{"start":{"line":89,"column":6},"end":{"line":89,"column":54}},"89":{"start":{"line":90,"column":6},"end":{"line":90,"column":19}},"90":{"start":{"line":93,"column":4},"end":{"line":164,"column":8}},"91":{"start":{"line":96,"column":8},"end":{"line":98,"column":9}},"92":{"start":{"line":97,"column":10},"end":{"line":97,"column":142}},"93":{"start":{"line":99,"column":8},"end":{"line":99,"column":26}},"94":{"start":{"line":104,"column":8},"end":{"line":104,"column":56}},"95":{"start":{"line":106,"column":8},"end":{"line":114,"column":9}},"96":{"start":{"line":107,"column":10},"end":{"line":107,"column":20}},"97":{"start":{"line":109,"column":10},"end":{"line":111,"column":11}},"98":{"start":{"line":110,"column":12},"end":{"line":110,"column":41}},"99":{"start":{"line":113,"column":10},"end":{"line":113,"column":174}},"100":{"start":{"line":119,"column":8},"end":{"line":119,"column":59}},"101":{"start":{"line":121,"column":8},"end":{"line":129,"column":9}},"102":{"start":{"line":122,"column":10},"end":{"line":122,"column":20}},"103":{"start":{"line":124,"column":10},"end":{"line":126,"column":11}},"104":{"start":{"line":125,"column":12},"end":{"line":125,"column":43}},"105":{"start":{"line":128,"column":10},"end":{"line":128,"column":176}},"106":{"start":{"line":134,"column":8},"end":{"line":134,"column":18}},"107":{"start":{"line":136,"column":8},"end":{"line":138,"column":9}},"108":{"start":{"line":137,"column":10},"end":{"line":137,"column":41}},"109":{"start":{"line":140,"column":8},"end":{"line":140,"column":175}},"110":{"start":{"line":141,"column":8},"end":{"line":146,"column":9}},"111":{"start":{"line":142,"column":10},"end":{"line":142,"column":69}},"112":{"start":{"line":145,"column":10},"end":{"line":145,"column":25}},"113":{"start":{"line":151,"column":8},"end":{"line":151,"column":56}},"114":{"start":{"line":152,"column":8},"end":{"line":152,"column":56}},"115":{"start":{"line":154,"column":8},"end":{"line":162,"column":9}},"116":{"start":{"line":155,"column":10},"end":{"line":155,"column":20}},"117":{"start":{"line":157,"column":10},"end":{"line":159,"column":11}},"118":{"start":{"line":158,"column":12},"end":{"line":158,"column":43}},"119":{"start":{"line":161,"column":10},"end":{"line":161,"column":175}},"120":{"start":{"line":166,"column":4},"end":{"line":166,"column":24}},"121":{"start":{"line":200,"column":2},"end":{"line":200,"column":92}},"122":{"start":{"line":201,"column":2},"end":{"line":201,"column":49}},"123":{"start":{"line":202,"column":2},"end":{"line":202,"column":113}},"124":{"start":{"line":204,"column":2},"end":{"line":204,"column":22}}},"branchMap":{"1":{"line":7,"type":"binary-expr","locations":[{"start":{"line":7,"column":168},"end":{"line":7,"column":189}},{"start":{"line":7,"column":193},"end":{"line":7,"column":198}}]},"2":{"line":7,"type":"if","locations":[{"start":{"line":7,"column":232},"end":{"line":7,"column":232}},{"start":{"line":7,"column":232},"end":{"line":7,"column":232}}]},"3":{"line":7,"type":"if","locations":[{"start":{"line":7,"column":407},"end":{"line":7,"column":407}},{"start":{"line":7,"column":407},"end":{"line":7,"column":407}}]},"4":{"line":7,"type":"if","locations":[{"start":{"line":7,"column":476},"end":{"line":7,"column":476}},{"start":{"line":7,"column":476},"end":{"line":7,"column":476}}]},"5":{"line":9,"type":"if","locations":[{"start":{"line":9,"column":54},"end":{"line":9,"column":54}},{"start":{"line":9,"column":54},"end":{"line":9,"column":54}}]},"6":{"line":9,"type":"if","locations":[{"start":{"line":9,"column":166},"end":{"line":9,"column":166}},{"start":{"line":9,"column":166},"end":{"line":9,"column":166}}]},"7":{"line":9,"type":"if","locations":[{"start":{"line":9,"column":236},"end":{"line":9,"column":236}},{"start":{"line":9,"column":236},"end":{"line":9,"column":236}}]},"8":{"line":9,"type":"if","locations":[{"start":{"line":9,"column":335},"end":{"line":9,"column":335}},{"start":{"line":9,"column":335},"end":{"line":9,"column":335}}]},"9":{"line":9,"type":"if","locations":[{"start":{"line":9,"column":409},"end":{"line":9,"column":409}},{"start":{"line":9,"column":409},"end":{"line":9,"column":409}}]},"10":{"line":12,"type":"if","locations":[{"start":{"line":12,"column":2},"end":{"line":12,"column":2}},{"start":{"line":12,"column":2},"end":{"line":12,"column":2}}]},"11":{"line":12,"type":"binary-expr","locations":[{"start":{"line":12,"column":6},"end":{"line":12,"column":24}},{"start":{"line":12,"column":28},"end":{"line":12,"column":56}},{"start":{"line":12,"column":60},"end":{"line":12,"column":95}}]},"12":{"line":36,"type":"cond-expr","locations":[{"start":{"line":36,"column":70},"end":{"line":36,"column":73}},{"start":{"line":36,"column":76},"end":{"line":36,"column":92}}]},"13":{"line":36,"type":"binary-expr","locations":[{"start":{"line":36,"column":46},"end":{"line":36,"column":49}},{"start":{"line":36,"column":53},"end":{"line":36,"column":67}}]},"14":{"line":38,"type":"if","locations":[{"start":{"line":38,"column":50},"end":{"line":38,"column":50}},{"start":{"line":38,"column":50},"end":{"line":38,"column":50}}]},"15":{"line":40,"type":"if","locations":[{"start":{"line":40,"column":50},"end":{"line":40,"column":50}},{"start":{"line":40,"column":50},"end":{"line":40,"column":50}}]},"16":{"line":40,"type":"cond-expr","locations":[{"start":{"line":40,"column":226},"end":{"line":40,"column":230}},{"start":{"line":40,"column":233},"end":{"line":40,"column":237}}]},"17":{"line":40,"type":"binary-expr","locations":[{"start":{"line":40,"column":159},"end":{"line":40,"column":163}},{"start":{"line":40,"column":168},"end":{"line":40,"column":192}},{"start":{"line":40,"column":196},"end":{"line":40,"column":222}}]},"18":{"line":42,"type":"if","locations":[{"start":{"line":42,"column":43},"end":{"line":42,"column":43}},{"start":{"line":42,"column":43},"end":{"line":42,"column":43}}]},"19":{"line":42,"type":"binary-expr","locations":[{"start":{"line":42,"column":47},"end":{"line":42,"column":79}},{"start":{"line":42,"column":83},"end":{"line":42,"column":102}}]},"20":{"line":42,"type":"binary-expr","locations":[{"start":{"line":42,"column":244},"end":{"line":42,"column":254}},{"start":{"line":42,"column":258},"end":{"line":42,"column":278}}]},"21":{"line":42,"type":"if","locations":[{"start":{"line":42,"column":374},"end":{"line":42,"column":374}},{"start":{"line":42,"column":374},"end":{"line":42,"column":374}}]},"22":{"line":42,"type":"cond-expr","locations":[{"start":{"line":42,"column":414},"end":{"line":42,"column":457}},{"start":{"line":42,"column":460},"end":{"line":42,"column":491}}]},"23":{"line":51,"type":"binary-expr","locations":[{"start":{"line":51,"column":52},"end":{"line":51,"column":74}},{"start":{"line":51,"column":78},"end":{"line":51,"column":113}}]},"24":{"line":56,"type":"if","locations":[{"start":{"line":56,"column":8},"end":{"line":56,"column":8}},{"start":{"line":56,"column":8},"end":{"line":56,"column":8}}]},"25":{"line":56,"type":"binary-expr","locations":[{"start":{"line":56,"column":12},"end":{"line":56,"column":21}},{"start":{"line":56,"column":25},"end":{"line":56,"column":51}}]},"26":{"line":60,"type":"if","locations":[{"start":{"line":60,"column":8},"end":{"line":60,"column":8}},{"start":{"line":60,"column":8},"end":{"line":60,"column":8}}]},"27":{"line":61,"type":"if","locations":[{"start":{"line":61,"column":10},"end":{"line":61,"column":10}},{"start":{"line":61,"column":10},"end":{"line":61,"column":10}}]},"28":{"line":63,"type":"if","locations":[{"start":{"line":63,"column":12},"end":{"line":63,"column":12}},{"start":{"line":63,"column":12},"end":{"line":63,"column":12}}]},"29":{"line":96,"type":"if","locations":[{"start":{"line":96,"column":8},"end":{"line":96,"column":8}},{"start":{"line":96,"column":8},"end":{"line":96,"column":8}}]},"30":{"line":106,"type":"if","locations":[{"start":{"line":106,"column":8},"end":{"line":106,"column":8}},{"start":{"line":106,"column":8},"end":{"line":106,"column":8}}]},"31":{"line":106,"type":"binary-expr","locations":[{"start":{"line":106,"column":17},"end":{"line":106,"column":49}},{"start":{"line":106,"column":53},"end":{"line":106,"column":98}}]},"32":{"line":113,"type":"binary-expr","locations":[{"start":{"line":113,"column":24},"end":{"line":113,"column":56}},{"start":{"line":113,"column":60},"end":{"line":113,"column":105}}]},"33":{"line":121,"type":"if","locations":[{"start":{"line":121,"column":8},"end":{"line":121,"column":8}},{"start":{"line":121,"column":8},"end":{"line":121,"column":8}}]},"34":{"line":121,"type":"binary-expr","locations":[{"start":{"line":121,"column":17},"end":{"line":121,"column":49}},{"start":{"line":121,"column":53},"end":{"line":121,"column":98}}]},"35":{"line":128,"type":"binary-expr","locations":[{"start":{"line":128,"column":24},"end":{"line":128,"column":56}},{"start":{"line":128,"column":60},"end":{"line":128,"column":105}}]},"36":{"line":140,"type":"binary-expr","locations":[{"start":{"line":140,"column":36},"end":{"line":140,"column":68}},{"start":{"line":140,"column":72},"end":{"line":140,"column":117}}]},"37":{"line":141,"type":"if","locations":[{"start":{"line":141,"column":8},"end":{"line":141,"column":8}},{"start":{"line":141,"column":8},"end":{"line":141,"column":8}}]},"38":{"line":154,"type":"if","locations":[{"start":{"line":154,"column":8},"end":{"line":154,"column":8}},{"start":{"line":154,"column":8},"end":{"line":154,"column":8}}]},"39":{"line":154,"type":"binary-expr","locations":[{"start":{"line":154,"column":17},"end":{"line":154,"column":49}},{"start":{"line":154,"column":53},"end":{"line":154,"column":98}}]},"40":{"line":161,"type":"binary-expr","locations":[{"start":{"line":161,"column":24},"end":{"line":161,"column":56}},{"start":{"line":161,"column":60},"end":{"line":161,"column":105}}]},"41":{"line":200,"type":"binary-expr","locations":[{"start":{"line":200,"column":21},"end":{"line":200,"column":50}},{"start":{"line":200,"column":54},"end":{"line":200,"column":76}},{"start":{"line":200,"column":80},"end":{"line":200,"column":91}}]}},"code":["'use strict';","","Object.defineProperty(exports, \"__esModule\", {","  value: true","});","","var _createClass = function () { function defineProperties(target, props) { for (var i = 0; i < props.length; i++) { var descriptor = props[i]; descriptor.enumerable = descriptor.enumerable || false; descriptor.configurable = true; if (\"value\" in descriptor) descriptor.writable = true; Object.defineProperty(target, descriptor.key, descriptor); } } return function (Constructor, protoProps, staticProps) { if (protoProps) defineProperties(Constructor.prototype, protoProps); if (staticProps) defineProperties(Constructor, staticProps); return Constructor; }; }();","","var _get = function get(object, property, receiver) { if (object === null) object = Function.prototype; var desc = Object.getOwnPropertyDescriptor(object, property); if (desc === undefined) { var parent = Object.getPrototypeOf(object); if (parent === null) { return undefined; } else { return get(parent, property, receiver); } } else if (\"value\" in desc) { return desc.value; } else { var getter = desc.get; if (getter === undefined) { return undefined; } return getter.call(receiver); } };","","exports.default = function (animationSourceMap) {","  if (animationSourceMap && animationSourceMap.prototype && animationSourceMap.prototype.render) {","    var ComposedComponent = animationSourceMap;","    return enhance(undefined, ComposedComponent);","  } else {","    return enhance.bind(undefined, animationSourceMap);","  }","};","","var _react = require('react');","","var _attachRefs = require('./attachRefs');","","var _attachRefs2 = _interopRequireDefault(_attachRefs);","","var _Controller = require('./Controller');","","var _Controller2 = _interopRequireDefault(_Controller);","","var _createTarget = require('./createTarget');","","var _createTarget2 = _interopRequireDefault(_createTarget);","","var _utils = require('./utils');","","function _interopRequireDefault(obj) { return obj && obj.__esModule ? obj : { default: obj }; }","","function _classCallCheck(instance, Constructor) { if (!(instance instanceof Constructor)) { throw new TypeError(\"Cannot call a class as a function\"); } }","","function _possibleConstructorReturn(self, call) { if (!self) { throw new ReferenceError(\"this hasn't been initialised - super() hasn't been called\"); } return call && (typeof call === \"object\" || typeof call === \"function\") ? call : self; }","","function _inherits(subClass, superClass) { if (typeof superClass !== \"function\" && superClass !== null) { throw new TypeError(\"Super expression must either be null or a function, not \" + typeof superClass); } subClass.prototype = Object.create(superClass && superClass.prototype, { constructor: { value: subClass, enumerable: false, writable: true, configurable: true } }); if (superClass) Object.setPrototypeOf ? Object.setPrototypeOf(subClass, superClass) : subClass.__proto__ = superClass; }","","function enhance(animationSourceMap, ComposedComponent) {","  var GSAPEnhancer = function (_ComposedComponent) {","    _inherits(GSAPEnhancer, _ComposedComponent);","","    function GSAPEnhancer(props) {","      _classCallCheck(this, GSAPEnhancer);","","      var _this = _possibleConstructorReturn(this, (GSAPEnhancer.__proto__ || Object.getPrototypeOf(GSAPEnhancer)).call(this, props));","","      _this.addAnimation = function (animationSource, options) {","        //if the animation is in the source map the if from there","        var sourceMap = _this.__animationSourceMap;","        if (sourceMap && sourceMap[animationSource]) {","          animationSource = sourceMap[animationSource];","        }","","        if (process.env.NODE_ENV !== 'production') {","          if (typeof animationSource !== 'function') {","            var error = '[react-gsap-enhancer] animationSource (the first parameter of ' + ('addAnimation(animationSource, options)) has to be a function instead of \"' + animationSource + '\"');","            if (sourceMap) {","              error += '\\nYou provided a sourceMap so the animationSource also can' + (' be a string key of these: [' + Object.keys(sourceMap) + ']');","            }","            var name = Object.getPrototypeOf(Object.getPrototypeOf(_this)).constructor.name;","            error += '\\nCheck out the addAnimation() call in ' + name;","            throw Error(error);","          }","        }","","        var target = (0, _createTarget2.default)(_this.__itemTree);","        var controller = new _Controller2.default(animationSource, options, target, function () {","          return (0, _utils.reattachAll)(_this.__itemTree, _this.__runningAnimations);","        }, function () {","          _this.__runningAnimations.delete(controller);","          //rerender the component without the animation","          _this.forceUpdate();","        });","        _this.__runningAnimations.add(controller);","        //the animation will be attached on the next render so force the update","        _this.forceUpdate();","","        return controller;","      };","","      _this.__itemTree = new Map();","      _this.__runningAnimations = new Set();","      _this.__animationSourceMap = animationSourceMap;","      return _this;","    }","","    _createClass(GSAPEnhancer, [{","      key: 'removeAnimation',","      value: function removeAnimation(controller) {","        if (process.env.NODE_ENV !== 'production') {","          console.warn('[react-gsap-enhancer] component.removeAnimation(controller)' + ' is deprecated. Use just controller.kill() instead!');","        }","        controller.kill();","      }","    }, {","      key: 'componentDidMount',","      value: function componentDidMount() {","        (0, _utils.saveRenderedStyles)(this.__itemTree);","","        if (_get(GSAPEnhancer.prototype.__proto__ || Object.getPrototypeOf(GSAPEnhancer.prototype), 'componentDidMount', this)) {","          var _get2;","","          for (var _len = arguments.length, args = Array(_len), _key = 0; _key < _len; _key++) {","            args[_key] = arguments[_key];","          }","","          (_get2 = _get(GSAPEnhancer.prototype.__proto__ || Object.getPrototypeOf(GSAPEnhancer.prototype), 'componentDidMount', this)).call.apply(_get2, [this].concat(args));","        }","      }","    }, {","      key: 'componentWillUpdate',","      value: function componentWillUpdate() {","        (0, _utils.restoreRenderedStyles)(this.__itemTree);","","        if (_get(GSAPEnhancer.prototype.__proto__ || Object.getPrototypeOf(GSAPEnhancer.prototype), 'componentWillUpdate', this)) {","          var _get3;","","          for (var _len2 = arguments.length, args = Array(_len2), _key2 = 0; _key2 < _len2; _key2++) {","            args[_key2] = arguments[_key2];","          }","","          (_get3 = _get(GSAPEnhancer.prototype.__proto__ || Object.getPrototypeOf(GSAPEnhancer.prototype), 'componentWillUpdate', this)).call.apply(_get3, [this].concat(args));","        }","      }","    }, {","      key: 'render',","      value: function render() {","        var _get4;","","        for (var _len3 = arguments.length, args = Array(_len3), _key3 = 0; _key3 < _len3; _key3++) {","          args[_key3] = arguments[_key3];","        }","","        var element = (_get4 = _get(GSAPEnhancer.prototype.__proto__ || Object.getPrototypeOf(GSAPEnhancer.prototype), 'render', this)).call.apply(_get4, [this].concat(args));","        if ((0, _react.is
[...]
olumn":45}}},"20":{"name":"recurseChildren","line":102,"loc":{"start":{"line":102,"column":0},"end":{"line":102,"column":41}}},"21":{"name":"(anonymous_21)","line":103,"loc":{"start":{"line":103,"column":24},"end":{"line":103,"column":45}}},"22":{"name":"convertToTarget","line":109,"loc":{"start":{"line":109,"column":0},"end":{"line":109,"column":36}}},"23":{"name":"(anonymous_23)","line":110,"loc":{"start":{"line":110,"column":29},"end":{"line":110,"column":45}}},"24":{"name":"(anonymous_24)","line":112,"loc":{"start":{"line":112,"column":12},"end":{"line":112,"column":28}}},"25":{"name":"(anonymous_25)","line":116,"loc":{"start":{"line":116,"column":16},"end":{"line":116,"column":36}}},"26":{"name":"(anonymous_26)","line":119,"loc":{"start":{"line":119,"column":19},"end":{"line":119,"column":39}}},"27":{"name":"(anonymous_27)","line":122,"loc":{"start":{"line":122,"column":26},"end":{"line":122,"column":46}}},"28":{"name":"(anonymous_28)","line":125,"loc":{"start":{"line":125,"column":29},"end":{"line":125,"column":49}}},"29":{"name":"(anonymous_29)","line":128,"loc":{"start":{"line":128,"column":28},"end":{"line":128,"column":48}}},"30":{"name":"createTarget","line":135,"loc":{"start":{"line":135,"column":0},"end":{"line":135,"column":32}}}},"statementMap":{"1":{"start":{"line":3,"column":0},"end":{"line":5,"column":3}},"2":{"start":{"line":6,"column":0},"end":{"line":6,"column":31}},"3":{"start":{"line":7,"column":0},"end":{"line":25,"column":1}},"4":{"start":{"line":8,"column":2},"end":{"line":8,"column":18}},"5":{"start":{"line":10,"column":2},"end":{"line":22,"column":5}},"6":{"start":{"line":11,"column":4},"end":{"line":11,"column":23}},"7":{"start":{"line":13,"column":4},"end":{"line":17,"column":7}},"8":{"start":{"line":14,"column":6},"end":{"line":16,"column":7}},"9":{"start":{"line":15,"column":8},"end":{"line":15,"column":26}},"10":{"start":{"line":19,"column":4},"end":{"line":21,"column":5}},"11":{"start":{"line":20,"column":6},"end":{"line":20,"column":25}},"12":{"start":{"line":24,"column":2},"end":{"line":24,"column":33}},"13":{"start":{"line":27,"column":0},"end":{"line":38,"column":1}},"14":{"start":{"line":28,"column":2},"end":{"line":28,"column":18}},"15":{"start":{"line":30,"column":2},"end":{"line":36,"column":5}},"16":{"start":{"line":31,"column":4},"end":{"line":35,"column":7}},"17":{"start":{"line":32,"column":6},"end":{"line":34,"column":7}},"18":{"start":{"line":33,"column":8},"end":{"line":33,"column":31}},"19":{"start":{"line":37,"column":2},"end":{"line":37,"column":33}},"20":{"start":{"line":40,"column":0},"end":{"line":57,"column":1}},"21":{"start":{"line":41,"column":2},"end":{"line":41,"column":18}},"22":{"start":{"line":43,"column":2},"end":{"line":54,"column":5}},"23":{"start":{"line":44,"column":4},"end":{"line":44,"column":23}},"24":{"start":{"line":45,"column":4},"end":{"line":49,"column":7}},"25":{"start":{"line":46,"column":6},"end":{"line":48,"column":7}},"26":{"start":{"line":47,"column":8},"end":{"line":47,"column":26}},"27":{"start":{"line":51,"column":4},"end":{"line":53,"column":5}},"28":{"start":{"line":52,"column":6},"end":{"line":52,"column":25}},"29":{"start":{"line":56,"column":2},"end":{"line":56,"column":33}},"30":{"start":{"line":59,"column":0},"end":{"line":70,"column":1}},"31":{"start":{"line":60,"column":2},"end":{"line":60,"column":18}},"32":{"start":{"line":62,"column":2},"end":{"line":68,"column":5}},"33":{"start":{"line":63,"column":4},"end":{"line":67,"column":7}},"34":{"start":{"line":64,"column":6},"end":{"line":66,"column":7}},"35":{"start":{"line":65,"column":8},"end":{"line":65,"column":31}},"36":{"start":{"line":69,"column":2},"end":{"line":69,"column":33}},"37":{"start":{"line":72,"column":0},"end":{"line":80,"column":1}},"38":{"start":{"line":73,"column":2},"end":{"line":78,"column":5}},"39":{"start":{"line":74,"column":4},"end":{"line":76,"column":5}},"40":{"start":{"line":75,"column":6},"end":{"line":75,"column":97}},"41":{"start":{"line":77,"column":4},"end":{"line":77,"column":52}},"42":{"start":{"line":79,"column":2},"end":{"line":79,"column":16}},"43":{"start":{"line":82,"column":0},"end":{"line":84,"column":1}},"44":{"start":{"line":83,"column":2},"end":{"line":83,"column":21}},"45":{"start":{"line":86,"column":0},"end":{"line":92,"column":1}},"46":{"start":{"line":87,"column":2},"end":{"line":87,"column":89}},"47":{"start":{"line":89,"column":2},"end":{"line":91,"column":5}},"48":{"start":{"line":90,"column":4},"end":{"line":90,"column":66}},"49":{"start":{"line":94,"column":0},"end":{"line":100,"column":1}},"50":{"start":{"line":95,"column":2},"end":{"line":99,"column":5}},"51":{"start":{"line":96,"column":4},"end":{"line":98,"column":5}},"52":{"start":{"line":97,"column":6},"end":{"line":97,"column":26}},"53":{"start":{"line":102,"column":0},"end":{"line":107,"column":1}},"54":{"start":{"line":103,"column":2},"end":{"line":106,"column":5}},"55":{"start":{"line":104,"column":4},"end":{"line":104,"column":24}},"56":{"start":{"line":105,"column":4},"end":{"line":105,"column":41}},"57":{"start":{"line":109,"column":0},"end":{"line":133,"column":1}},"58":{"start":{"line":110,"column":2},"end":{"line":114,"column":5}},"59":{"start":{"line":111,"column":4},"end":{"line":111,"column":21}},"60":{"start":{"line":113,"column":4},"end":{"line":113,"column":18}},"61":{"start":{"line":116,"column":2},"end":{"line":118,"column":4}},"62":{"start":{"line":117,"column":4},"end":{"line":117,"column":37}},"63":{"start":{"line":119,"column":2},"end":{"line":121,"column":4}},"64":{"start":{"line":120,"column":4},"end":{"line":120,"column":40}},"65":{"start":{"line":122,"column":2},"end":{"line":124,"column":4}},"66":{"start":{"line":123,"column":4},"end":{"line":123,"column":47}},"67":{"start":{"line":125,"column":2},"end":{"line":127,"column":4}},"68":{"start":{"line":126,"column":4},"end":{"line":126,"column":50}},"69":{"start":{"line":128,"column":2},"end":{"line":130,"column":4}},"70":{"start":{"line":129,"column":4},"end":{"line":129,"column":46}},"71":{"start":{"line":132,"column":2},"end":{"line":132,"column":16}},"72":{"start":{"line":135,"column":0},"end":{"line":139,"column":1}},"73":{"start":{"line":136,"column":2},"end":{"line":136,"column":57}},"74":{"start":{"line":138,"column":2},"end":{"line":138,"column":23}}},"branchMap":{"1":{"line":14,"type":"if","locations":[{"start":{"line":14,"column":6},"end":{"line":14,"column":6}},{"start":{"line":14,"column":6},"end":{"line":14,"column":6}}]},"2":{"line":14,"type":"binary-expr","locations":[{"start":{"line":14,"column":10},"end":{"line":14,"column":16}},{"start":{"line":14,"column":20},"end":{"line":14,"column":53}}]},"3":{"line":19,"type":"if","locations":[{"start":{"line":19,"column":4},"end":{"line":19,"column":4}},{"start":{"line":19,"column":4},"end":{"line":19,"column":4}}]},"4":{"line":32,"type":"if","locations":[{"start":{"line":32,"column":6},"end":{"line":32,"column":6}},{"start":{"line":32,"column":6},"end":{"line":32,"column":6}}]},"5":{"line":46,"type":"if","locations":[{"start":{"line":46,"column":6},"end":{"line":46,"column":6}},{"start":{"line":46,"column":6},"end":{"line":46,"column":6}}]},"6":{"line":46,"type":"binary-expr","locations":[{"start":{"line":46,"column":10},"end":{"line":46,"column":16}},{"start":{"line":46,"column":20},"end":{"line":46,"column":53}}]},"7":{"line":51,"type":"if","locations":[{"start":{"line":51,"column":4},"end":{"line":51,"column":4}},{"start":{"line":51,"column":4},"end":{"line":51,"column":4}}]},"8":{"line":64,"type":"if","locations":[{"start":{"line":64,"column":6},"end":{"line":64,"column":6}},{"start":{"line":64,"column":6},"end":{"line":64,"column":6}}]},"9":{"line":74,"type":"if","locations":[{"start":{"line":74,"column":4},"end":{"line":74,"column":4}},{"start":{"line":74,"column":4},"end":{"line":74,"column":4}}]},"10":{"line":87,"type":"cond-expr","locations":[{"start":{"line":87,"column":71},"end":{"line":87,"column":73}},{"start":{"line":87,"column":76},"end":{"line":87,"column":88}}]},"11":{"line":87,"type":"binary-expr","locations":[{"start":{"line":87,"column":17},"end":{"line":87,"column":38}},{"start":{"line":87,"column":42},"end":{"line":87,"column":68}}]},"12":{"line":96,"type":"if","locations":[{"start":{"line":96,"column":4},"end":{"line":96,"column":4}},{"start":{"line":96,"column":4},"end":{"line":96,"column":4}}]}},"code":["\"use strict\";","","Object.defineProperty(exports, \"__esModule\", {","  value: true","});","exports.default = createTarget;","function find(selection, selector) {","  var result = [];","","  selection.forEach(function (item) {","    var match = void 0;","","    recurseChildren(item, function (childItem) {","      if (!match && testSelector(childItem, selector)) {","        match = childItem;","      }","    });","","    if (match) {","      result.push(match);","    }","  });","","  return convertToTarget(result);","}","","function findAll(selection, selector) {","  var result = [];","","  selection.forEach(function (item) {","    return recurseChildren(item, function (childItem) {","      if (testSelector(childItem, selector)) {","        result.push(childItem);","      }","    });","  });","  return convertToTarget(result);","}","","function findInChildren(selection, selector) {","  var result = [];","","  selection.forEach(function (item) {","    var match = void 0;","    iterateChildren(item, function (childItem) {","      if (!match && testSelector(childItem, selector)) {","        match = childItem;","      }","    });","","    if (match) {","      result.push(match);","    }","  });","","  return convertToTarget(result);","}","","function findAllInChildren(selection, selector) {","  var result = [];","","  selection.forEach(function (item) {","    return iterateChildren(item, function (childItem) {","      if (testSelector(childItem, selector)) {","        result.push(childItem);","      }","    });","  });","  return convertToTarget(result);","}","","function findWithCommands(target, commands) {","  commands.forEach(function (command) {","    if (!target[command.type]) {","      throw Error(\"[react-gsap-enhancer] unknown command type \\\"\" + target[command.type] + \"\\\"\");","    }","    target = target[command.type](command.selector);","  });","  return target;","}","","function isMounted(item) {","  return !!item.node;","}","","function testSelector(childItem) {","  var selector = arguments.length <= 1 || arguments[1] === undefined ? {} : arguments[1];","","  return Object.keys(selector).every(function (selectorKey) {","    return selector[selectorKey] === childItem.props[selectorKey];","  });","}","","function iterateChildren(item, callback) {","  item.children.forEach(function (childItem) {","    if (isMounted(childItem)) {","      callback(childItem);","    }","  });","}","","function recurseChildren(item, callback) {","  iterateChildren(item, function (childItem) {","    callback(childItem);","    recurseChildren(childItem, callback);","  });","}","","function convertToTarget(selection) {","  var target = selection.map(function (item) {","    return item.node;","  }).filter(function (node) {","    return !!node;","  });","","  target.find = function (selector) {","    return find(selection, selector);","  };","  target.findAll = function (selector) {","    return findAll(selection, selector);","  };","  target.findInChildren = function (selector) {","    return findInChildren(selection, selector);","  };","  target.findAllInChildren = function (selector) {","    return findAllInChildren(selection, selector);","  };","  target.findWithCommands = function (commands) {","    return findWithCommands(target, commands);","  };","","  return target;","}","","function createTarget(itemTree) {","  var target = convertToTarget([{ children: itemTree }]);","  //call find so target will refer to the first node which should be the root","  return target.find();","}","//# sourceMappingURL=createTarget.js.map"],"l":{"3":1,"6":1,"7":1,"8":0,"10":0,"11":0,"13":0,"14":0,"15":0,"19":0,"20":0,"24":0,"27":1,"28":0,"30":0,"31":0,"32":0,"33":0,"37":0,"40":1,"41":0,"43":0,"44":0,"45":0,"46":0,"47":0,"51":0,"52":0,"56":0,"59":1,"60":0,"62":0,"63":0,"64":0,"65":0,"69":0,"72":1,"73":0,"74":0,"75":0,"77":0,"79":0,"82":1,"83":0,"86":1,"87":0,"89":0,"90":0,"94":1,"95":0,"96":0,"97":0,"102":1,"103":0,"104":0,"105":0,"109":1,"110":0,"111":0,"113":0,"116":0,"117":0,"119":0,"120":0,"122":0,"123":0,"125":0,"126":0,"128":0,"129":0,"132":0,"135":1,"136":0,"138":0}},"/home/travis/build/npmtest/node-npmtest-react-gsap-enhancer/node_modules/react-gsap-enhancer/lib/utils.js":{"path":"/home/travis/build/npmtest/node-npmtest-react-gsap-enhancer/node_modules/react-gsap-enhancer/lib/utils.js","s":{"1":1,"2":1,"3":1,"4":1,"5":1,"6":1,"7":1,"8":1,"9":0,"10":0,"11":0,"12":0,"13":0,"14":0,"15":1,"16":0,"17":0,"18":1,"19":0,"20":0,"21":1,"22":0,"23":0,"24":0,"25":0,"26":0,"27":0,"28":0,"29":0,"30":0,"31":1,"32":0,"33":0,"34":0,"35":0,"36":0,"37":0,"38":0,"39":0,"40":0},"b":{"1":[0,0],"2":[0,0],"3":[0,0],"4":[0,0]},"f":{"1":0,"2":0,"3":0,"4":0,"5":0,"6":0,"7":0,"8":0,"9":0,"10":0,"11":0},"fnMap":{"1":{"name":"walkItemTree","line":11,"loc":{"start":{"line":11,"column":0},"end":{"line":11,"column":42}}},"2":{"name":"walk","line":12,"loc":{"start":{"line":12,"column":2},"end":{"line":12,"column":21}}},"3":{"name":"(anonymous_3)","line":13,"loc":{"start":{"line":13,"column":16},"end":{"line":13,"column":32}}},"4":{"name":"reattachAll","line":25,"loc":{"start":{"line":25,"column":0},"end":{"line":25,"column":50}}},"5":{"name":"attachAll","line":30,"loc":{"start":{"line":30,"column":0},"end":{"line":30,"column":38}}},"6":{"name":"(anonymous_6)","line":31,"loc":{"start":{"line":31,"column":28},"end":{"line":31,"column":49}}},"7":{"name":"restoreRenderedStyles","line":36,"loc":{"start":{"line":36,"column":0},"end":{"line":36,"column":41}}},"8":{"name":"(anonymous_8)","line":37,"loc":{"start":{"line":37,"column":25},"end":{"line":37,"column":41}}},"9":{"name":"(anonymous_9)","line":40,"loc":{"start":{"line":40,"column":32},"end":{"line":40,"column":48}}},"10":{"name":"saveRenderedStyles","line":54,"loc":{"start":{"line":54,"column":0},"end":{"line":54,"column":38}}},"11":{"name":"(anonymous_11)","line":55,"loc":{"start":{"line":55,"column":25},"end":{"line":55,"column":41}}}},"statementMap":{"1":{"start":{"line":3,"column":0},"end":{"line":5,"column":3}},"2":{"start":{"line":6,"column":0},"end":{"line":6,"column":36}},"3":{"start":{"line":7,"column":0},"end":{"line":7,"column":34}},"4":{"start":{"line":8,"column":0},"end":{"line":8,"column":30}},"5":{"start":{"line":9,"column":0},"end":{"line":9,"column":54}},"6":{"start":{"line":10,"column":0},"end":{"line":10,"column":48}},"7":{"start":{"line":11,"column":0},"end":{"line":23,"column":1}},"8":{"start":{"line":12,"column":2},"end":{"line":21,"column":3}},"9":{"start":{"line":13,"column":4},"end":{"line":20,"column":7}},"10":{"start":{"line":14,"column":6},"end":{"line":19,"column":7}},"11":{"start":{"line":15,"column":8},"end":{"line":15,"column":23}},"12":{"start":{"line":16,"column":8},"end":{"line":18,"column":9}},"13":{"start":{"line":17,"column":10},"end":{"line":17,"column":30}},"14":{"start":{"line":22,"column":2},"end":{"line":22,"column":17}},"15":{"start":{"line":25,"column":0},"end":{"line":28,"column":1}},"16":{"start":{"line":26,"column":2},"end":{"line":26,"column":34}},"17":{"start":{"line":27,"column":2},"end":{"line":27,"column":31}},"18":{"start":{"line":30,"column":0},"end":{"line":34,"column":1}},"19":{"start":{"line":31,"column":2},"end":{"line":33,"column":5}},"20":{"start":{"line":32,"column":4},"end":{"line":32,"column":30}},"21":{"start":{"line":36,"column":0},"end":{"line":52,"column":1}},"22":{"start":{"line":37,"column":2},"end":{"line":51,"column":5}},"23":{"start":{"line":38,"column":4},"end":{"line":38,"column":70}},"24":{"start":{"line":40,"column":4},"end":{"line":42,"column":7}},"25":{"start":{"line":41,"column":6},"end":{"line":41,"column":63}},"26":{"start":{"line":44,"column":4},"end":{"line":50,"column":5}},"27":{"start":{"line":45,"column":6},"end":{"line":45,"column":46}},"28":{"start":{"line":46,"column":6},"end":{"line":49,"column":7}},"29":{"start":{"line":47,"column":8},"end":{"line":47,"column":40}},"30":{"start":{"line":48,"column":8},"end":{"line":48,"column":12}},"31":{"start":{"line":54,"column":0},"end":{"line":66,"column":1}},"32":{"start":{"line":55,"column":2},"end":{"line":65,"column":5}},"33":{"start":{"line":56,"column":4},"end":{"line":56,"column":30}},"34":{"start":{"line":57,"column":4},"end":{"line":62,"column":5}},"35":{"start":{"line":58,"column":6},"end":{"line":58,"column":46}},"36":{"start":{"line":59,"column":6},"end":{"line":59,"column":32}},"37":{"start":{"line":60,"column":6},"end":{"line":60,"column":34}},"38":{"start":{"line":61,"column":6},"end":{"line":61,"column":41}},"39":{"start":{"line":63,"column":4},"end":{"line":63,"column":34}},"40":{"start":{"line":64,"column":4},"end":{"line":64,"column":32}}},"branchMap":{"1":{"line":14,"type":"if","locations":[{"start":{"line":14,"column":6},"end":{"line":14,"column":6}},{"start":{"line":14,"column":6},"end":{"line":14,"column":6}}]},"2":{"line":16,"type":"if","locations":[{"start":{"line":16,"column":8},"end":{"line":16,"column":8}},{"start":{"line":16,"column":8},"end":{"line":16,"column":8}}]},"3":{"line":38,"type":"binary-expr","locations":[{"start":{"line":38,"column":42},"end":{"line":38,"column":62}},{"start":{"line":38,"column":66},"end":{"line":38,"column":68}}]},"4":{"line":46,"type":"if","locations":[{"start":{"line":46,"column":6},"end":{"line":46,"column":6}},{"start":{"line":46,"column":6},"end":{"line":46,"column":6}}]}},"code":["\"use strict\";","","Object.defineProperty(exports, \"__esModule\", {","  value: true","});","exports.walkItemTree = walkItemTree;","exports.reattachAll = reattachAll;","exports.attachAll = attachAll;","exports.restoreRenderedStyles = restoreRenderedStyles;","exports.saveRenderedStyles = saveRenderedStyles;","function walkItemTree(itemTree, callback) {","  function walk(map) {","    map.forEach(function (item) {","      if (item.node) {","        callback(item);","        if (item.children) {","          walk(item.children);","        }","      }","    });","  }","  walk(itemTree);","}","","function reattachAll(itemTree, runningAnimations) {","  restoreRenderedStyles(itemTree);","  attachAll(runningAnimations);","}","","function attachAll(runningAnimations) {","  runningAnimations.forEach(function (animation) {","    return animation.attach();","  });","}","","function restoreRenderedStyles(itemTree) {","  walkItemTree(itemTree, function (item) {","    var savedAttributeNames = Object.keys(item.savedAttributes || {});","    //restore the original attribute values","    savedAttributeNames.forEach(function (name) {","      item.node.setAttribute(name, item.savedAttributes[name]);","    });","    //remove the attributes added after the render","    for (var i = 0; i < item.node.attributes.length; ++i) {","      var name = item.node.attributes[i].name;","      if (savedAttributeNames.indexOf(name) === -1) {","        item.node.removeAttribute(name);","        --i;","      }","    }","  });","}","","function saveRenderedStyles(itemTree) {","  walkItemTree(itemTree, function (item) {","    item.savedAttributes = {};","    for (var i = 0; i < item.node.attributes.length; ++i) {","      var attribute = item.node.attributes[i];","      var name = attribute.name;","      var value = attribute.value;","      item.savedAttributes[name] = value;","    }","    item.node._gsTransform = null;","    item.node._gsTweenID = null;","  });","}","//# sourceMappingURL=utils.js.map"],"l":{"3":1,"6":1,"7":1,"8":1,"9":1,"10":1,"11":1,"12":1,"13":0,"14":0,"15":0,"16":0,"17":0,"22":0,"25":1,"26":0,"27":0,"30":1,"31":0,"32":0,"36":1,"37":0,"38":0,"40":0,"41":0,"44":0,"45":0,"46":0,"47":0,"48":0,"54":1,"55":0,"56":0,"57":0,"58":0,"59":0,"60":0,"61":0,"63":0,"64":0}}}